{"level":"info","message":"Started auction for auction_id100000006time: Fri Dec 02 2016 05:19:41 GMT-0800 (Pacific Standard Time)"}
{"level":"info","message":"Started auction for auction_id100000009time: Fri Dec 02 2016 22:00:59 GMT-0800 (Pacific Standard Time)"}
{"level":"info","message":"Started auction for auction_id100000011time: Fri Dec 02 2016 23:20:17 GMT-0800 (Pacific Standard Time)"}
{"level":"info","message":"Started auction for auction_id100000013time: Sat Dec 03 2016 16:03:39 GMT-0800 (Pacific Standard Time)"}
{"level":"info","message":"Started auction for auction_id100000014time: Sat Dec 03 2016 16:08:19 GMT-0800 (Pacific Standard Time)"}
{"level":"info","message":"Started auction for auction_id100000015time: Sat Dec 03 2016 17:50:59 GMT-0800 (Pacific Standard Time)"}
{"level":"info","message":"Started auction for auction_id100000016time: Sat Dec 03 2016 18:05:22 GMT-0800 (Pacific Standard Time)"}
{"level":"info","message":"Started auction for auction_id100000017time: Sat Dec 03 2016 18:24:23 GMT-0800 (Pacific Standard Time)"}
{"level":"info","message":"Started auction for auction_id100000018time: Sat Dec 03 2016 18:49:55 GMT-0800 (Pacific Standard Time)"}
{"level":"info","message":"Started auction for auction_id100000019time: Sat Dec 03 2016 18:56:36 GMT-0800 (Pacific Standard Time)"}
{"level":"info","message":"Started auction for auction_id100000020time: Sat Dec 03 2016 19:04:33 GMT-0800 (Pacific Standard Time)"}
{"level":"info","message":"Started auction for auction_id100000021time: Sun Dec 04 2016 00:22:44 GMT-0800 (Pacific Standard Time)"}
{"level":"info","message":"Started auction for auction_id100000022time: Sun Dec 04 2016 11:44:04 GMT-0800 (Pacific Standard Time)"}
{"level":"info","message":"Started auction for auction_id100000023time: Sun Dec 04 2016 13:34:10 GMT-0800 (Pacific Standard Time)"}
{"level":"info","message":"Started auction for auction_id100000024time: Sun Dec 04 2016 15:49:51 GMT-0800 (Pacific Standard Time)"}
{"level":"info","message":"Started auction for auction_id100000006time: Sun Dec 04 2016 16:28:42 GMT-0800 (Pacific Standard Time)"}
{"level":"info","message":"auction_id100000006 max bid: 300 timestampSun Dec 04 2016 16:29:00 GMT-0800 (Pacific Standard Time)"}
{"level":"info","message":"auction_id100000006 max bid: 300 timestampSun Dec 04 2016 16:30:00 GMT-0800 (Pacific Standard Time)"}
{"level":"info","message":"auction_id100000006 max bid: 300 timestampSun Dec 04 2016 16:31:00 GMT-0800 (Pacific Standard Time)"}
{"level":"info","message":"auction_id100000006 max bid: 300 timestampSun Dec 04 2016 16:32:00 GMT-0800 (Pacific Standard Time)"}
{"level":"info","message":"auction_id100000006 max bid: 300 timestampSun Dec 04 2016 16:33:00 GMT-0800 (Pacific Standard Time)"}
{"level":"info","message":"auction_id100000006 max bid: 300 timestampSun Dec 04 2016 16:34:00 GMT-0800 (Pacific Standard Time)"}
{"level":"info","message":"auction_id100000006 max bid: 300 timestampSun Dec 04 2016 16:35:00 GMT-0800 (Pacific Standard Time)"}
{"level":"info","message":"auction_id100000006 max bid: 300 timestampSun Dec 04 2016 16:36:00 GMT-0800 (Pacific Standard Time)"}
{"level":"info","message":"auction_id100000006 max bid: 300 timestampSun Dec 04 2016 16:37:00 GMT-0800 (Pacific Standard Time)"}
{"level":"info","message":"auction_id100000006 max bid: 300 timestampSun Dec 04 2016 16:38:00 GMT-0800 (Pacific Standard Time)"}
{"level":"info","message":"auction_id100000006 max bid: 300 timestampSun Dec 04 2016 16:39:00 GMT-0800 (Pacific Standard Time)"}
{"level":"info","message":"auction_id100000006 max bid: 300 timestampSun Dec 04 2016 16:40:00 GMT-0800 (Pacific Standard Time)"}
{"level":"info","message":"auction_id100000006 max bid: 300 timestampSun Dec 04 2016 16:41:00 GMT-0800 (Pacific Standard Time)"}
{"level":"info","message":"auction_id100000006 max bid: 300 timestampSun Dec 04 2016 16:42:00 GMT-0800 (Pacific Standard Time)"}
{"level":"info","message":"Started auction for auction_id100000006time: Sun Dec 04 2016 16:42:32 GMT-0800 (Pacific Standard Time)"}
{"level":"info","message":"auction_id100000006 max bid: 300 timestampSun Dec 04 2016 16:43:00 GMT-0800 (Pacific Standard Time)"}
{"level":"info","message":"Started auction for auction_id100000006time: Sun Dec 04 2016 17:12:14 GMT-0800 (Pacific Standard Time)"}
{"level":"info","message":"Started auction for auction_id100000006time: Sun Dec 04 2016 17:34:36 GMT-0800 (Pacific Standard Time)"}
{"level":"info","message":"auction_id100000006 max bid: 300 timestampSun Dec 04 2016 17:35:00 GMT-0800 (Pacific Standard Time)"}
{"level":"info","message":"auction_id100000006 max bid: 300 timestampSun Dec 04 2016 17:36:00 GMT-0800 (Pacific Standard Time)"}
{"level":"info","message":"auction_id100000006 max bid: 300 timestampSun Dec 04 2016 17:37:00 GMT-0800 (Pacific Standard Time)"}
{"level":"info","message":"auction_id100000006 max bid: 300 timestampSun Dec 04 2016 17:38:00 GMT-0800 (Pacific Standard Time)"}
{"level":"info","message":"auction_id100000006 max bid: 300 timestampSun Dec 04 2016 17:39:00 GMT-0800 (Pacific Standard Time)"}
{"level":"info","message":"auction_id100000006 max bid: 300 timestampSun Dec 04 2016 17:40:00 GMT-0800 (Pacific Standard Time)"}
{"level":"info","message":"auction_id100000006 max bid: 300 timestampSun Dec 04 2016 17:41:00 GMT-0800 (Pacific Standard Time)"}
{"level":"info","message":"Started auction for auction_id100000006time: Sun Dec 04 2016 18:37:43 GMT-0800 (Pacific Standard Time)"}
{"level":"info","message":"auction_id100000006 max bid: 300 timestampSun Dec 04 2016 18:38:00 GMT-0800 (Pacific Standard Time)"}
{"level":"info","message":"auction_id100000006 max bid: 300 timestampSun Dec 04 2016 18:39:00 GMT-0800 (Pacific Standard Time)"}
{"level":"info","message":"auction_id100000006 max bid: 300 timestampSun Dec 04 2016 18:40:00 GMT-0800 (Pacific Standard Time)"}
{"level":"info","message":"auction_id100000006 max bid: 300 timestampSun Dec 04 2016 18:41:00 GMT-0800 (Pacific Standard Time)"}
{"level":"info","message":"auction_id100000006 max bid: 300 timestampSun Dec 04 2016 18:42:00 GMT-0800 (Pacific Standard Time)"}
{"level":"info","message":"Started auction for auction_id100000006time: Sun Dec 04 2016 19:15:46 GMT-0800 (Pacific Standard Time)"}
{"level":"info","message":"auction_id100000006 max bid: 300 timestampSun Dec 04 2016 19:16:00 GMT-0800 (Pacific Standard Time)"}
{"level":"info","message":"auction_id100000006 max bid: 300 timestampSun Dec 04 2016 19:17:00 GMT-0800 (Pacific Standard Time)"}
{"level":"info","message":"auction_id100000006 max bid: 300 timestampSun Dec 04 2016 19:18:00 GMT-0800 (Pacific Standard Time)"}
{"level":"info","message":"auction_id100000006 max bid: 300 timestampSun Dec 04 2016 19:19:00 GMT-0800 (Pacific Standard Time)"}
{"level":"info","message":"auction_id100000006 max bid: 300 timestampSun Dec 04 2016 19:20:00 GMT-0800 (Pacific Standard Time)"}
{"level":"info","message":"auction_id100000006 max bid: 300 timestampSun Dec 04 2016 19:21:00 GMT-0800 (Pacific Standard Time)"}
{"level":"info","message":"auction_id100000006 max bid: 300 timestampSun Dec 04 2016 19:22:00 GMT-0800 (Pacific Standard Time)"}
{"level":"info","message":"auction_id100000006 max bid: 300 timestampSun Dec 04 2016 19:23:00 GMT-0800 (Pacific Standard Time)"}
{"level":"info","message":"auction_id100000006 max bid: 300 timestampSun Dec 04 2016 19:24:00 GMT-0800 (Pacific Standard Time)"}
{"level":"info","message":"auction_id100000006 max bid: 300 timestampSun Dec 04 2016 19:25:00 GMT-0800 (Pacific Standard Time)"}
{"level":"info","message":"auction_id100000006 max bid: 300 timestampSun Dec 04 2016 19:26:00 GMT-0800 (Pacific Standard Time)"}
{"level":"info","message":"auction_id100000006 max bid: 300 timestampSun Dec 04 2016 19:27:00 GMT-0800 (Pacific Standard Time)"}
{"level":"info","message":"auction_id100000006 max bid: 300 timestampSun Dec 04 2016 19:28:00 GMT-0800 (Pacific Standard Time)"}
{"level":"info","message":"auction_id100000006 max bid: 300 timestampSun Dec 04 2016 19:29:00 GMT-0800 (Pacific Standard Time)"}
{"level":"info","message":"auction_id100000006 max bid: 300 timestampSun Dec 04 2016 19:30:00 GMT-0800 (Pacific Standard Time)"}
{"level":"info","message":"auction_id100000006 max bid: 300 timestampSun Dec 04 2016 19:31:00 GMT-0800 (Pacific Standard Time)"}
{"level":"info","message":"auction_id100000006 max bid: 300 timestampSun Dec 04 2016 19:32:00 GMT-0800 (Pacific Standard Time)"}
{"level":"info","message":"auction_id100000006 max bid: 300 timestampSun Dec 04 2016 19:33:00 GMT-0800 (Pacific Standard Time)"}
{"level":"info","message":"auction_id100000006 max bid: 300 timestampSun Dec 04 2016 19:34:00 GMT-0800 (Pacific Standard Time)"}
{"level":"info","message":"auction_id100000006 max bid: 300 timestampSun Dec 04 2016 19:35:00 GMT-0800 (Pacific Standard Time)"}
{"level":"info","message":"Started auction for auction_id100000006time: Sun Dec 04 2016 19:35:47 GMT-0800 (Pacific Standard Time)"}
{"level":"info","message":"auction_id100000006 max bid: 300 timestampSun Dec 04 2016 19:36:00 GMT-0800 (Pacific Standard Time)"}
{"level":"info","message":"auction_id100000006 max bid: 300 timestampSun Dec 04 2016 19:37:00 GMT-0800 (Pacific Standard Time)"}
{"level":"info","message":"auction_id100000006 max bid: 300 timestampSun Dec 04 2016 19:38:00 GMT-0800 (Pacific Standard Time)"}
{"level":"info","message":"auction_id100000006 max bid: 300 timestampSun Dec 04 2016 19:39:00 GMT-0800 (Pacific Standard Time)"}
{"level":"info","message":"auction_id100000006 max bid: 300 timestampSun Dec 04 2016 19:40:00 GMT-0800 (Pacific Standard Time)"}
{"level":"info","message":"auction_id100000006 max bid: 300 timestampSun Dec 04 2016 19:41:00 GMT-0800 (Pacific Standard Time)"}
{"level":"info","message":"auction_id100000006 max bid: 300 timestampSun Dec 04 2016 19:42:00 GMT-0800 (Pacific Standard Time)"}
{"level":"info","message":"auction_id100000006 max bid: 300 timestampSun Dec 04 2016 19:43:00 GMT-0800 (Pacific Standard Time)"}
{"level":"info","message":"auction_id100000006 max bid: 300 timestampSun Dec 04 2016 19:44:00 GMT-0800 (Pacific Standard Time)"}
{"level":"info","message":"auction_id100000006 max bid: 300 timestampSun Dec 04 2016 19:45:00 GMT-0800 (Pacific Standard Time)"}
{"level":"info","message":"auction_id100000006 max bid: 300 timestampSun Dec 04 2016 19:46:00 GMT-0800 (Pacific Standard Time)"}
{"level":"info","message":"auction_id100000006 max bid: 300 timestampSun Dec 04 2016 19:47:00 GMT-0800 (Pacific Standard Time)"}
{"level":"info","message":"auction_id100000006 max bid: 300 timestampSun Dec 04 2016 19:48:00 GMT-0800 (Pacific Standard Time)"}
{"level":"info","message":"auction_id100000006 max bid: 300 timestampSun Dec 04 2016 19:49:00 GMT-0800 (Pacific Standard Time)"}
{"level":"info","message":"auction_id100000006 max bid: 300 timestampSun Dec 04 2016 19:50:00 GMT-0800 (Pacific Standard Time)"}
{"level":"info","message":"auction_id100000006 max bid: 300 timestampSun Dec 04 2016 19:51:00 GMT-0800 (Pacific Standard Time)"}
{"level":"info","message":"auction_id100000006 max bid: 300 timestampSun Dec 04 2016 19:52:00 GMT-0800 (Pacific Standard Time)"}
{"level":"info","message":"auction_id100000006 max bid: 300 timestampSun Dec 04 2016 19:53:00 GMT-0800 (Pacific Standard Time)"}
{"level":"info","message":"auction_id100000006 max bid: 300 timestampSun Dec 04 2016 19:54:00 GMT-0800 (Pacific Standard Time)"}
{"level":"info","message":"auction_id100000006 max bid: 300 timestampSun Dec 04 2016 19:55:00 GMT-0800 (Pacific Standard Time)"}
{"level":"info","message":"auction_id100000006 max bid: 300 timestampSun Dec 04 2016 19:56:00 GMT-0800 (Pacific Standard Time)"}
{"level":"info","message":"auction_id100000006 max bid: 300 timestampSun Dec 04 2016 19:57:00 GMT-0800 (Pacific Standard Time)"}
{"level":"info","message":"auction_id100000006 max bid: 300 timestampSun Dec 04 2016 19:58:00 GMT-0800 (Pacific Standard Time)"}
{"level":"info","message":"auction_id100000006 max bid: 300 timestampSun Dec 04 2016 19:59:00 GMT-0800 (Pacific Standard Time)"}
{"level":"info","message":"auction_id100000006 max bid: 300 timestampSun Dec 04 2016 20:00:00 GMT-0800 (Pacific Standard Time)"}
{"level":"info","message":"auction_id100000006 max bid: 300 timestampSun Dec 04 2016 20:01:00 GMT-0800 (Pacific Standard Time)"}
{"level":"info","message":"auction_id100000006 max bid: 300 timestampSun Dec 04 2016 20:02:00 GMT-0800 (Pacific Standard Time)"}
{"level":"info","message":"auction_id100000006 max bid: 300 timestampSun Dec 04 2016 20:03:00 GMT-0800 (Pacific Standard Time)"}
{"level":"info","message":"auction_id100000006 max bid: 300 timestampSun Dec 04 2016 20:04:00 GMT-0800 (Pacific Standard Time)"}
{"level":"info","message":"auction_id100000006 max bid: 300 timestampSun Dec 04 2016 20:05:00 GMT-0800 (Pacific Standard Time)"}
{"level":"info","message":"auction_id100000006 max bid: 300 timestampSun Dec 04 2016 20:06:00 GMT-0800 (Pacific Standard Time)"}
{"level":"info","message":"auction_id100000006 max bid: 300 timestampSun Dec 04 2016 20:07:00 GMT-0800 (Pacific Standard Time)"}
{"level":"info","message":"auction_id100000006 max bid: 300 timestampSun Dec 04 2016 20:08:00 GMT-0800 (Pacific Standard Time)"}
{"level":"info","message":"auction_id100000006 max bid: 300 timestampSun Dec 04 2016 20:09:00 GMT-0800 (Pacific Standard Time)"}
{"level":"info","message":"Started auction for auction_id100000006time: Sun Dec 04 2016 21:35:42 GMT-0800 (Pacific Standard Time)"}
{"level":"info","message":"auction_id100000006 max bid: 300 timestampSun Dec 04 2016 21:36:00 GMT-0800 (Pacific Standard Time)"}
{"level":"info","message":"auction_id100000006 max bid: 300 timestampSun Dec 04 2016 21:37:00 GMT-0800 (Pacific Standard Time)"}
{"level":"info","message":"auction_id100000006 max bid: 300 timestampSun Dec 04 2016 21:38:00 GMT-0800 (Pacific Standard Time)"}
{"level":"info","message":"auction_id100000006 max bid: 300 timestampSun Dec 04 2016 21:39:00 GMT-0800 (Pacific Standard Time)"}
{"level":"info","message":"auction_id100000006 max bid: 300 timestampSun Dec 04 2016 21:40:00 GMT-0800 (Pacific Standard Time)"}
{"level":"info","message":"auction_id100000006 max bid: 300 timestampSun Dec 04 2016 21:41:00 GMT-0800 (Pacific Standard Time)"}
{"level":"info","message":"auction_id100000006 max bid: 300 timestampSun Dec 04 2016 21:42:00 GMT-0800 (Pacific Standard Time)"}
{"level":"info","message":"auction_id100000006 max bid: 300 timestampSun Dec 04 2016 21:43:00 GMT-0800 (Pacific Standard Time)"}
{"level":"info","message":"auction_id100000006 max bid: 300 timestampSun Dec 04 2016 21:44:00 GMT-0800 (Pacific Standard Time)"}
{"level":"info","message":"auction_id100000006 max bid: 300 timestampSun Dec 04 2016 21:45:00 GMT-0800 (Pacific Standard Time)"}
{"level":"info","message":"auction_id100000006 max bid: 300 timestampSun Dec 04 2016 21:46:00 GMT-0800 (Pacific Standard Time)"}
{"level":"info","message":"auction_id100000006 max bid: 300 timestampSun Dec 04 2016 21:47:00 GMT-0800 (Pacific Standard Time)"}
{"level":"info","message":"Started auction for auction_id100000006time: Sun Dec 04 2016 23:15:35 GMT-0800 (Pacific Standard Time)"}
{"level":"info","message":"auction_id100000006 max bid: 300 timestampSun Dec 04 2016 23:18:01 GMT-0800 (Pacific Standard Time)"}
{"level":"info","message":"auction_id100000006 max bid: 300 timestampSun Dec 04 2016 23:19:01 GMT-0800 (Pacific Standard Time)"}
{"level":"info","message":"auction_id100000006 max bid: 300 timestampSun Dec 04 2016 23:20:01 GMT-0800 (Pacific Standard Time)"}
{"level":"info","message":"auction_id100000006 max bid: 300 timestampSun Dec 04 2016 23:21:01 GMT-0800 (Pacific Standard Time)"}
{"level":"info","message":"auction_id100000006 max bid: 300 timestampSun Dec 04 2016 23:22:01 GMT-0800 (Pacific Standard Time)"}
{"level":"info","message":"auction_id100000006 max bid: 300 timestampSun Dec 04 2016 23:23:01 GMT-0800 (Pacific Standard Time)"}
{"level":"info","message":"auction_id100000006 max bid: 300 timestampSun Dec 04 2016 23:24:01 GMT-0800 (Pacific Standard Time)"}
{"level":"info","message":"auction_id100000006 max bid: 300 timestampSun Dec 04 2016 23:25:01 GMT-0800 (Pacific Standard Time)"}
{"level":"info","message":"auction_id100000006 max bid: 300 timestampSun Dec 04 2016 23:26:01 GMT-0800 (Pacific Standard Time)"}
{"level":"info","message":"auction_id100000006 max bid: 300 timestampSun Dec 04 2016 23:27:01 GMT-0800 (Pacific Standard Time)"}
{"level":"info","message":"auction_id100000006 max bid: 300 timestampSun Dec 04 2016 23:28:00 GMT-0800 (Pacific Standard Time)"}
{"level":"info","message":"auction_id100000006 max bid: 300 timestampSun Dec 04 2016 23:29:00 GMT-0800 (Pacific Standard Time)"}
{"level":"info","message":"auction_id100000006 max bid: 300 timestampSun Dec 04 2016 23:30:00 GMT-0800 (Pacific Standard Time)"}
{"level":"info","message":"auction_id100000006 max bid: 300 timestampSun Dec 04 2016 23:31:00 GMT-0800 (Pacific Standard Time)"}
{"level":"info","message":"auction_id100000006 max bid: 300 timestampSun Dec 04 2016 23:32:00 GMT-0800 (Pacific Standard Time)"}
{"level":"info","message":"auction_id100000006 max bid: 300 timestampSun Dec 04 2016 23:33:00 GMT-0800 (Pacific Standard Time)"}
{"level":"info","message":"auction_id100000006 max bid: 300 timestampSun Dec 04 2016 23:34:00 GMT-0800 (Pacific Standard Time)"}
{"level":"info","message":"auction_id100000006 max bid: 300 timestampSun Dec 04 2016 23:35:00 GMT-0800 (Pacific Standard Time)"}
{"level":"info","message":"auction_id100000006 max bid: 300 timestampSun Dec 04 2016 23:36:00 GMT-0800 (Pacific Standard Time)"}
{"level":"info","message":"auction_id100000006 max bid: 300 timestampSun Dec 04 2016 23:37:00 GMT-0800 (Pacific Standard Time)"}
{"level":"info","message":"auction_id100000006 max bid: 300 timestampSun Dec 04 2016 23:38:00 GMT-0800 (Pacific Standard Time)"}
{"level":"info","message":"auction_id100000006 max bid: 300 timestampSun Dec 04 2016 23:39:00 GMT-0800 (Pacific Standard Time)"}
{"level":"info","message":"auction_id100000006 max bid: 300 timestampSun Dec 04 2016 23:40:00 GMT-0800 (Pacific Standard Time)"}
{"level":"info","message":"auction_id100000006 max bid: 300 timestampSun Dec 04 2016 23:41:00 GMT-0800 (Pacific Standard Time)"}
{"level":"info","message":"auction_id100000006 max bid: 300 timestampSun Dec 04 2016 23:42:00 GMT-0800 (Pacific Standard Time)"}
{"level":"info","message":"auction_id100000006 max bid: 300 timestampSun Dec 04 2016 23:43:00 GMT-0800 (Pacific Standard Time)"}
{"level":"info","message":"auction_id100000006 max bid: 300 timestampSun Dec 04 2016 23:44:00 GMT-0800 (Pacific Standard Time)"}
{"level":"info","message":"auction_id100000006 max bid: 300 timestampSun Dec 04 2016 23:45:00 GMT-0800 (Pacific Standard Time)"}
{"level":"info","message":"auction_id100000006 max bid: 300 timestampSun Dec 04 2016 23:46:00 GMT-0800 (Pacific Standard Time)"}
{"level":"info","message":"Started auction for auction_id100000006time: Mon Dec 05 2016 10:37:03 GMT-0800 (Pacific Standard Time)"}
{"level":"info","message":"Started auction for auction_id100000025time: Mon Dec 05 2016 10:37:03 GMT-0800 (Pacific Standard Time)"}
{"level":"info","message":"auction_id100000006 max bid: 300 timestampMon Dec 05 2016 10:38:00 GMT-0800 (Pacific Standard Time)"}
{"level":"info","message":"auction_id100000025 max bid: 50 timestampMon Dec 05 2016 10:38:00 GMT-0800 (Pacific Standard Time)"}
{"level":"info","message":"auction_id100000006 max bid: 300 timestampMon Dec 05 2016 10:39:00 GMT-0800 (Pacific Standard Time)"}
{"level":"info","message":"auction_id100000025 max bid: 50 timestampMon Dec 05 2016 10:39:00 GMT-0800 (Pacific Standard Time)"}
{"level":"info","message":"auction_id100000006 max bid: 300 timestampMon Dec 05 2016 10:40:00 GMT-0800 (Pacific Standard Time)"}
{"level":"info","message":"auction_id100000025 max bid: 50 timestampMon Dec 05 2016 10:40:00 GMT-0800 (Pacific Standard Time)"}
{"level":"info","message":"Started auction for auction_id100000026time: Mon Dec 05 2016 10:48:18 GMT-0800 (Pacific Standard Time)"}
{"level":"info","message":"Started auction for auction_id100000027time: Mon Dec 05 2016 11:04:21 GMT-0800 (Pacific Standard Time)"}
{"level":"info","message":"Started auction for auction_id100000006time: Mon Dec 05 2016 11:41:35 GMT-0800 (Pacific Standard Time)"}
{"level":"info","message":"Started auction for auction_id100000025time: Mon Dec 05 2016 11:41:35 GMT-0800 (Pacific Standard Time)"}
{"level":"info","message":"Started auction for auction_id100000027time: Mon Dec 05 2016 11:41:35 GMT-0800 (Pacific Standard Time)"}
{"level":"info","message":"auction_id100000006 max bid: 300 timestampMon Dec 05 2016 11:42:00 GMT-0800 (Pacific Standard Time)"}
{"level":"info","message":"auction_id100000025 max bid: 70 timestampMon Dec 05 2016 11:42:00 GMT-0800 (Pacific Standard Time)"}
{"level":"info","message":"auction_id100000006 max bid: 300 timestampMon Dec 05 2016 11:43:00 GMT-0800 (Pacific Standard Time)"}
{"level":"info","message":"auction_id100000025 max bid: 70 timestampMon Dec 05 2016 11:43:00 GMT-0800 (Pacific Standard Time)"}
{"level":"info","message":"auction_id100000006 max bid: 300 timestampMon Dec 05 2016 11:44:00 GMT-0800 (Pacific Standard Time)"}
{"level":"info","message":"auction_id100000025 max bid: 70 timestampMon Dec 05 2016 11:44:00 GMT-0800 (Pacific Standard Time)"}
{"level":"info","message":"auction_id100000006 max bid: 300 timestampMon Dec 05 2016 11:45:00 GMT-0800 (Pacific Standard Time)"}
{"level":"info","message":"auction_id100000025 max bid: 70 timestampMon Dec 05 2016 11:45:00 GMT-0800 (Pacific Standard Time)"}
{"level":"info","message":"auction_id100000006 max bid: 300 timestampMon Dec 05 2016 11:46:00 GMT-0800 (Pacific Standard Time)"}
{"level":"info","message":"auction_id100000025 max bid: 70 timestampMon Dec 05 2016 11:46:00 GMT-0800 (Pacific Standard Time)"}
{"level":"info","message":"auction_id100000006 max bid: 300 timestampMon Dec 05 2016 11:47:00 GMT-0800 (Pacific Standard Time)"}
{"level":"info","message":"auction_id100000025 max bid: 70 timestampMon Dec 05 2016 11:47:00 GMT-0800 (Pacific Standard Time)"}
{"level":"info","message":"auction_id100000006 max bid: 300 timestampMon Dec 05 2016 11:48:00 GMT-0800 (Pacific Standard Time)"}
{"level":"info","message":"auction_id100000025 max bid: 70 timestampMon Dec 05 2016 11:48:00 GMT-0800 (Pacific Standard Time)"}
{"level":"info","message":"auction_id100000006 max bid: 300 timestampMon Dec 05 2016 11:49:00 GMT-0800 (Pacific Standard Time)"}
{"level":"info","message":"auction_id100000025 max bid: 70 timestampMon Dec 05 2016 11:49:00 GMT-0800 (Pacific Standard Time)"}
{"level":"info","message":"auction_id100000006 max bid: 300 timestampMon Dec 05 2016 11:50:00 GMT-0800 (Pacific Standard Time)"}
{"level":"info","message":"auction_id100000025 max bid: 70 timestampMon Dec 05 2016 11:50:00 GMT-0800 (Pacific Standard Time)"}
{"level":"info","message":"auction_id100000006 max bid: 300 timestampMon Dec 05 2016 11:51:00 GMT-0800 (Pacific Standard Time)"}
{"level":"info","message":"auction_id100000025 max bid: 70 timestampMon Dec 05 2016 11:51:00 GMT-0800 (Pacific Standard Time)"}
{"level":"info","message":"auction_id100000006 max bid: 300 timestampMon Dec 05 2016 11:52:00 GMT-0800 (Pacific Standard Time)"}
{"level":"info","message":"auction_id100000025 max bid: 70 timestampMon Dec 05 2016 11:52:00 GMT-0800 (Pacific Standard Time)"}
{"level":"info","message":"auction_id100000006 max bid: 300 timestampMon Dec 05 2016 11:53:00 GMT-0800 (Pacific Standard Time)"}
{"level":"info","message":"auction_id100000025 max bid: 70 timestampMon Dec 05 2016 11:53:00 GMT-0800 (Pacific Standard Time)"}
{"level":"info","message":"auction_id100000006 max bid: 300 timestampMon Dec 05 2016 11:54:00 GMT-0800 (Pacific Standard Time)"}
{"level":"info","message":"auction_id100000025 max bid: 70 timestampMon Dec 05 2016 11:54:00 GMT-0800 (Pacific Standard Time)"}
{"level":"info","message":"Started auction for auction_id100000028time: Mon Dec 05 2016 11:54:10 GMT-0800 (Pacific Standard Time)"}
{"level":"info","message":"auction_id100000006 max bid: 300 timestampMon Dec 05 2016 11:55:00 GMT-0800 (Pacific Standard Time)"}
{"level":"info","message":"auction_id100000025 max bid: 70 timestampMon Dec 05 2016 11:55:00 GMT-0800 (Pacific Standard Time)"}
{"level":"info","message":"auction_id100000006 max bid: 300 timestampMon Dec 05 2016 11:56:00 GMT-0800 (Pacific Standard Time)"}
{"level":"info","message":"auction_id100000025 max bid: 70 timestampMon Dec 05 2016 11:56:00 GMT-0800 (Pacific Standard Time)"}
{"level":"info","message":"auction_id100000006 max bid: 300 timestampMon Dec 05 2016 11:57:00 GMT-0800 (Pacific Standard Time)"}
{"level":"info","message":"auction_id100000025 max bid: 70 timestampMon Dec 05 2016 11:57:00 GMT-0800 (Pacific Standard Time)"}
{"level":"info","message":"auction_id100000006 max bid: 300 timestampMon Dec 05 2016 11:58:00 GMT-0800 (Pacific Standard Time)"}
{"level":"info","message":"auction_id100000025 max bid: 70 timestampMon Dec 05 2016 11:58:00 GMT-0800 (Pacific Standard Time)"}
{"level":"info","message":"auction_id100000006 max bid: 300 timestampMon Dec 05 2016 11:59:00 GMT-0800 (Pacific Standard Time)"}
{"level":"info","message":"auction_id100000025 max bid: 70 timestampMon Dec 05 2016 11:59:00 GMT-0800 (Pacific Standard Time)"}
{"level":"info","message":"auction_id100000006 max bid: 300 timestampMon Dec 05 2016 12:00:00 GMT-0800 (Pacific Standard Time)"}
{"level":"info","message":"auction_id100000025 max bid: 70 timestampMon Dec 05 2016 12:00:00 GMT-0800 (Pacific Standard Time)"}
{"level":"info","message":"auction_id100000006 max bid: 300 timestampMon Dec 05 2016 12:01:00 GMT-0800 (Pacific Standard Time)"}
{"level":"info","message":"auction_id100000025 max bid: 70 timestampMon Dec 05 2016 12:01:00 GMT-0800 (Pacific Standard Time)"}
{"level":"info","message":"auction_id100000006 max bid: 300 timestampMon Dec 05 2016 12:02:00 GMT-0800 (Pacific Standard Time)"}
{"level":"info","message":"auction_id100000025 max bid: 70 timestampMon Dec 05 2016 12:02:00 GMT-0800 (Pacific Standard Time)"}
{"level":"info","message":"auction_id100000006 max bid: 300 timestampMon Dec 05 2016 12:03:00 GMT-0800 (Pacific Standard Time)"}
{"level":"info","message":"auction_id100000025 max bid: 70 timestampMon Dec 05 2016 12:03:00 GMT-0800 (Pacific Standard Time)"}
{"level":"info","message":"auction_id100000006 max bid: 300 timestampMon Dec 05 2016 12:04:00 GMT-0800 (Pacific Standard Time)"}
{"level":"info","message":"auction_id100000025 max bid: 70 timestampMon Dec 05 2016 12:04:00 GMT-0800 (Pacific Standard Time)"}
{"level":"info","message":"auction_id100000006 max bid: 300 timestampMon Dec 05 2016 12:05:00 GMT-0800 (Pacific Standard Time)"}
{"level":"info","message":"auction_id100000025 max bid: 70 timestampMon Dec 05 2016 12:05:00 GMT-0800 (Pacific Standard Time)"}
{"level":"info","message":"auction_id100000006 max bid: 300 timestampMon Dec 05 2016 12:06:00 GMT-0800 (Pacific Standard Time)"}
{"level":"info","message":"auction_id100000025 max bid: 70 timestampMon Dec 05 2016 12:06:00 GMT-0800 (Pacific Standard Time)"}
{"level":"info","message":"auction_id100000006 max bid: 300 timestampMon Dec 05 2016 12:07:00 GMT-0800 (Pacific Standard Time)"}
{"level":"info","message":"auction_id100000025 max bid: 70 timestampMon Dec 05 2016 12:07:00 GMT-0800 (Pacific Standard Time)"}
{"level":"info","message":"auction_id100000006 max bid: 300 timestampMon Dec 05 2016 12:08:00 GMT-0800 (Pacific Standard Time)"}
{"level":"info","message":"auction_id100000025 max bid: 70 timestampMon Dec 05 2016 12:08:00 GMT-0800 (Pacific Standard Time)"}
{"level":"info","message":"auction_id100000006 max bid: 300 timestampMon Dec 05 2016 12:09:00 GMT-0800 (Pacific Standard Time)"}
{"level":"info","message":"auction_id100000025 max bid: 70 timestampMon Dec 05 2016 12:09:00 GMT-0800 (Pacific Standard Time)"}
{"level":"info","message":"auction_id100000006 max bid: 300 timestampMon Dec 05 2016 12:10:00 GMT-0800 (Pacific Standard Time)"}
{"level":"info","message":"auction_id100000025 max bid: 70 timestampMon Dec 05 2016 12:10:00 GMT-0800 (Pacific Standard Time)"}
{"level":"info","message":"auction_id100000006 max bid: 300 timestampMon Dec 05 2016 12:11:00 GMT-0800 (Pacific Standard Time)"}
{"level":"info","message":"auction_id100000025 max bid: 70 timestampMon Dec 05 2016 12:11:00 GMT-0800 (Pacific Standard Time)"}
{"level":"info","message":"auction_id100000006 max bid: 300 timestampMon Dec 05 2016 12:12:00 GMT-0800 (Pacific Standard Time)"}
{"level":"info","message":"auction_id100000025 max bid: 70 timestampMon Dec 05 2016 12:12:00 GMT-0800 (Pacific Standard Time)"}
{"level":"info","message":"auction_id100000006 max bid: 300 timestampMon Dec 05 2016 12:13:00 GMT-0800 (Pacific Standard Time)"}
{"level":"info","message":"auction_id100000025 max bid: 70 timestampMon Dec 05 2016 12:13:00 GMT-0800 (Pacific Standard Time)"}
{"level":"info","message":"auction_id100000006 max bid: 300 timestampMon Dec 05 2016 12:14:00 GMT-0800 (Pacific Standard Time)"}
{"level":"info","message":"auction_id100000025 max bid: 70 timestampMon Dec 05 2016 12:14:00 GMT-0800 (Pacific Standard Time)"}
{"level":"info","message":"auction_id100000006 max bid: 300 timestampMon Dec 05 2016 12:15:00 GMT-0800 (Pacific Standard Time)"}
{"level":"info","message":"auction_id100000025 max bid: 70 timestampMon Dec 05 2016 12:15:00 GMT-0800 (Pacific Standard Time)"}
{"level":"info","message":"auction_id100000006 max bid: 300 timestampMon Dec 05 2016 12:16:00 GMT-0800 (Pacific Standard Time)"}
{"level":"info","message":"auction_id100000025 max bid: 70 timestampMon Dec 05 2016 12:16:00 GMT-0800 (Pacific Standard Time)"}
{"level":"info","message":"auction_id100000006 max bid: 300 timestampMon Dec 05 2016 12:17:00 GMT-0800 (Pacific Standard Time)"}
{"level":"info","message":"auction_id100000025 max bid: 70 timestampMon Dec 05 2016 12:17:00 GMT-0800 (Pacific Standard Time)"}
{"level":"info","message":"auction_id100000006 max bid: 300 timestampMon Dec 05 2016 12:18:00 GMT-0800 (Pacific Standard Time)"}
{"level":"info","message":"auction_id100000025 max bid: 70 timestampMon Dec 05 2016 12:18:00 GMT-0800 (Pacific Standard Time)"}
{"level":"info","message":"auction_id100000006 max bid: 300 timestampMon Dec 05 2016 12:19:00 GMT-0800 (Pacific Standard Time)"}
{"level":"info","message":"auction_id100000025 max bid: 70 timestampMon Dec 05 2016 12:19:00 GMT-0800 (Pacific Standard Time)"}
{"level":"info","message":"auction_id100000006 max bid: 300 timestampMon Dec 05 2016 12:20:00 GMT-0800 (Pacific Standard Time)"}
{"level":"info","message":"auction_id100000025 max bid: 70 timestampMon Dec 05 2016 12:20:00 GMT-0800 (Pacific Standard Time)"}
{"level":"info","message":"auction_id100000006 max bid: 300 timestampMon Dec 05 2016 12:23:00 GMT-0800 (Pacific Standard Time)"}
{"level":"info","message":"auction_id100000025 max bid: 70 timestampMon Dec 05 2016 12:23:00 GMT-0800 (Pacific Standard Time)"}
{"level":"info","message":"auction_id100000006 max bid: 300 timestampMon Dec 05 2016 12:24:00 GMT-0800 (Pacific Standard Time)"}
{"level":"info","message":"auction_id100000025 max bid: 70 timestampMon Dec 05 2016 12:24:00 GMT-0800 (Pacific Standard Time)"}
{"level":"info","message":"auction_id100000006 max bid: 300 timestampMon Dec 05 2016 12:25:00 GMT-0800 (Pacific Standard Time)"}
{"level":"info","message":"auction_id100000025 max bid: 70 timestampMon Dec 05 2016 12:25:00 GMT-0800 (Pacific Standard Time)"}
{"level":"info","message":"auction_id100000006 max bid: 300 timestampMon Dec 05 2016 12:26:00 GMT-0800 (Pacific Standard Time)"}
{"level":"info","message":"auction_id100000025 max bid: 70 timestampMon Dec 05 2016 12:26:00 GMT-0800 (Pacific Standard Time)"}
{"level":"info","message":"auction_id100000006 max bid: 300 timestampMon Dec 05 2016 12:27:00 GMT-0800 (Pacific Standard Time)"}
{"level":"info","message":"auction_id100000025 max bid: 70 timestampMon Dec 05 2016 12:27:00 GMT-0800 (Pacific Standard Time)"}
{"level":"info","message":"auction_id100000006 max bid: 300 timestampMon Dec 05 2016 12:28:00 GMT-0800 (Pacific Standard Time)"}
{"level":"info","message":"auction_id100000025 max bid: 70 timestampMon Dec 05 2016 12:28:00 GMT-0800 (Pacific Standard Time)"}
{"level":"info","message":"auction_id100000006 max bid: 300 timestampMon Dec 05 2016 12:29:00 GMT-0800 (Pacific Standard Time)"}
{"level":"info","message":"auction_id100000025 max bid: 70 timestampMon Dec 05 2016 12:29:00 GMT-0800 (Pacific Standard Time)"}
{"level":"info","message":"auction_id100000006 max bid: 300 timestampMon Dec 05 2016 12:30:00 GMT-0800 (Pacific Standard Time)"}
{"level":"info","message":"auction_id100000025 max bid: 70 timestampMon Dec 05 2016 12:30:00 GMT-0800 (Pacific Standard Time)"}
{"level":"info","message":"auction_id100000006 max bid: 300 timestampMon Dec 05 2016 12:31:00 GMT-0800 (Pacific Standard Time)"}
{"level":"info","message":"auction_id100000025 max bid: 70 timestampMon Dec 05 2016 12:31:00 GMT-0800 (Pacific Standard Time)"}
{"level":"info","message":"auction_id100000006 max bid: 300 timestampMon Dec 05 2016 12:32:00 GMT-0800 (Pacific Standard Time)"}
{"level":"info","message":"auction_id100000025 max bid: 70 timestampMon Dec 05 2016 12:32:00 GMT-0800 (Pacific Standard Time)"}
{"level":"info","message":"auction_id100000006 max bid: 300 timestampMon Dec 05 2016 12:33:00 GMT-0800 (Pacific Standard Time)"}
{"level":"info","message":"auction_id100000025 max bid: 70 timestampMon Dec 05 2016 12:33:00 GMT-0800 (Pacific Standard Time)"}
{"level":"info","message":"auction_id100000006 max bid: 300 timestampMon Dec 05 2016 12:34:00 GMT-0800 (Pacific Standard Time)"}
{"level":"info","message":"auction_id100000025 max bid: 70 timestampMon Dec 05 2016 12:34:00 GMT-0800 (Pacific Standard Time)"}
{"level":"info","message":"auction_id100000006 max bid: 300 timestampMon Dec 05 2016 12:35:00 GMT-0800 (Pacific Standard Time)"}
{"level":"info","message":"auction_id100000025 max bid: 70 timestampMon Dec 05 2016 12:35:00 GMT-0800 (Pacific Standard Time)"}
{"level":"info","message":"auction_id100000006 max bid: 300 timestampMon Dec 05 2016 12:36:00 GMT-0800 (Pacific Standard Time)"}
{"level":"info","message":"auction_id100000025 max bid: 70 timestampMon Dec 05 2016 12:36:00 GMT-0800 (Pacific Standard Time)"}
{"level":"info","message":"auction_id100000006 max bid: 300 timestampMon Dec 05 2016 12:37:00 GMT-0800 (Pacific Standard Time)"}
{"level":"info","message":"auction_id100000025 max bid: 70 timestampMon Dec 05 2016 12:37:00 GMT-0800 (Pacific Standard Time)"}
{"level":"info","message":"auction_id100000006 max bid: 300 timestampMon Dec 05 2016 12:38:00 GMT-0800 (Pacific Standard Time)"}
{"level":"info","message":"auction_id100000025 max bid: 70 timestampMon Dec 05 2016 12:38:00 GMT-0800 (Pacific Standard Time)"}
{"level":"info","message":"auction_id100000006 max bid: 300 timestampMon Dec 05 2016 12:39:00 GMT-0800 (Pacific Standard Time)"}
{"level":"info","message":"auction_id100000025 max bid: 70 timestampMon Dec 05 2016 12:39:00 GMT-0800 (Pacific Standard Time)"}
{"level":"info","message":"auction_id100000006 max bid: 300 timestampMon Dec 05 2016 12:48:00 GMT-0800 (Pacific Standard Time)"}
{"level":"info","message":"auction_id100000025 max bid: 70 timestampMon Dec 05 2016 12:48:00 GMT-0800 (Pacific Standard Time)"}
{"level":"info","message":"auction_id100000006 max bid: 300 timestampMon Dec 05 2016 12:49:00 GMT-0800 (Pacific Standard Time)"}
{"level":"info","message":"auction_id100000025 max bid: 70 timestampMon Dec 05 2016 12:49:00 GMT-0800 (Pacific Standard Time)"}
{"level":"info","message":"auction_id100000006 max bid: 300 timestampMon Dec 05 2016 12:50:00 GMT-0800 (Pacific Standard Time)"}
{"level":"info","message":"auction_id100000025 max bid: 70 timestampMon Dec 05 2016 12:50:00 GMT-0800 (Pacific Standard Time)"}
{"level":"info","message":"auction_id100000006 max bid: 300 timestampMon Dec 05 2016 12:51:00 GMT-0800 (Pacific Standard Time)"}
{"level":"info","message":"auction_id100000025 max bid: 70 timestampMon Dec 05 2016 12:51:00 GMT-0800 (Pacific Standard Time)"}
{"level":"info","message":"auction_id100000006 max bid: 300 timestampMon Dec 05 2016 12:52:00 GMT-0800 (Pacific Standard Time)"}
{"level":"info","message":"auction_id100000025 max bid: 70 timestampMon Dec 05 2016 12:52:00 GMT-0800 (Pacific Standard Time)"}
{"level":"info","message":"auction_id100000006 max bid: 300 timestampMon Dec 05 2016 12:53:00 GMT-0800 (Pacific Standard Time)"}
{"level":"info","message":"auction_id100000025 max bid: 70 timestampMon Dec 05 2016 12:53:00 GMT-0800 (Pacific Standard Time)"}
{"level":"info","message":"auction_id100000006 max bid: 300 timestampMon Dec 05 2016 12:54:00 GMT-0800 (Pacific Standard Time)"}
{"level":"info","message":"auction_id100000025 max bid: 70 timestampMon Dec 05 2016 12:54:00 GMT-0800 (Pacific Standard Time)"}
{"level":"info","message":"auction_id100000006 max bid: 300 timestampMon Dec 05 2016 12:55:00 GMT-0800 (Pacific Standard Time)"}
{"level":"info","message":"auction_id100000025 max bid: 70 timestampMon Dec 05 2016 12:55:00 GMT-0800 (Pacific Standard Time)"}
{"level":"info","message":"auction_id100000006 max bid: 300 timestampMon Dec 05 2016 12:56:00 GMT-0800 (Pacific Standard Time)"}
{"level":"info","message":"auction_id100000025 max bid: 70 timestampMon Dec 05 2016 12:56:00 GMT-0800 (Pacific Standard Time)"}
{"level":"info","message":"auction_id100000006 max bid: 300 timestampMon Dec 05 2016 12:57:00 GMT-0800 (Pacific Standard Time)"}
{"level":"info","message":"auction_id100000025 max bid: 70 timestampMon Dec 05 2016 12:57:00 GMT-0800 (Pacific Standard Time)"}
{"level":"info","message":"auction_id100000006 max bid: 300 timestampMon Dec 05 2016 12:58:00 GMT-0800 (Pacific Standard Time)"}
{"level":"info","message":"auction_id100000025 max bid: 70 timestampMon Dec 05 2016 12:58:00 GMT-0800 (Pacific Standard Time)"}
{"level":"info","message":"auction_id100000006 max bid: 300 timestampMon Dec 05 2016 12:59:00 GMT-0800 (Pacific Standard Time)"}
{"level":"info","message":"auction_id100000025 max bid: 70 timestampMon Dec 05 2016 12:59:00 GMT-0800 (Pacific Standard Time)"}
{"level":"info","message":"auction_id100000006 max bid: 300 timestampMon Dec 05 2016 13:00:00 GMT-0800 (Pacific Standard Time)"}
{"level":"info","message":"auction_id100000025 max bid: 70 timestampMon Dec 05 2016 13:00:00 GMT-0800 (Pacific Standard Time)"}
{"level":"info","message":"auction_id100000006 max bid: 300 timestampMon Dec 05 2016 13:01:00 GMT-0800 (Pacific Standard Time)"}
{"level":"info","message":"auction_id100000025 max bid: 70 timestampMon Dec 05 2016 13:01:00 GMT-0800 (Pacific Standard Time)"}
{"level":"info","message":"auction_id100000006 max bid: 300 timestampMon Dec 05 2016 13:02:00 GMT-0800 (Pacific Standard Time)"}
{"level":"info","message":"auction_id100000025 max bid: 70 timestampMon Dec 05 2016 13:02:00 GMT-0800 (Pacific Standard Time)"}
{"level":"info","message":"auction_id100000006 max bid: 300 timestampMon Dec 05 2016 13:03:00 GMT-0800 (Pacific Standard Time)"}
{"level":"info","message":"auction_id100000025 max bid: 70 timestampMon Dec 05 2016 13:03:00 GMT-0800 (Pacific Standard Time)"}
{"level":"info","message":"auction_id100000006 max bid: 300 timestampMon Dec 05 2016 13:04:00 GMT-0800 (Pacific Standard Time)"}
{"level":"info","message":"auction_id100000025 max bid: 70 timestampMon Dec 05 2016 13:04:00 GMT-0800 (Pacific Standard Time)"}
{"level":"info","message":"auction_id100000006 max bid: 300 timestampMon Dec 05 2016 13:05:00 GMT-0800 (Pacific Standard Time)"}
{"level":"info","message":"auction_id100000025 max bid: 70 timestampMon Dec 05 2016 13:05:00 GMT-0800 (Pacific Standard Time)"}
{"level":"info","message":"auction_id100000006 max bid: 300 timestampMon Dec 05 2016 13:06:00 GMT-0800 (Pacific Standard Time)"}
{"level":"info","message":"auction_id100000025 max bid: 70 timestampMon Dec 05 2016 13:06:00 GMT-0800 (Pacific Standard Time)"}
{"level":"info","message":"auction_id100000006 max bid: 300 timestampMon Dec 05 2016 13:07:00 GMT-0800 (Pacific Standard Time)"}
{"level":"info","message":"auction_id100000025 max bid: 70 timestampMon Dec 05 2016 13:07:00 GMT-0800 (Pacific Standard Time)"}
{"level":"info","message":"auction_id100000006 max bid: 300 timestampMon Dec 05 2016 13:08:00 GMT-0800 (Pacific Standard Time)"}
{"level":"info","message":"auction_id100000025 max bid: 70 timestampMon Dec 05 2016 13:08:00 GMT-0800 (Pacific Standard Time)"}
{"level":"info","message":"auction_id100000006 max bid: 300 timestampMon Dec 05 2016 13:09:00 GMT-0800 (Pacific Standard Time)"}
{"level":"info","message":"auction_id100000025 max bid: 70 timestampMon Dec 05 2016 13:09:00 GMT-0800 (Pacific Standard Time)"}
{"level":"info","message":"auction_id100000006 max bid: 300 timestampMon Dec 05 2016 13:10:00 GMT-0800 (Pacific Standard Time)"}
{"level":"info","message":"auction_id100000025 max bid: 70 timestampMon Dec 05 2016 13:10:00 GMT-0800 (Pacific Standard Time)"}
{"level":"info","message":"Started auction for auction_id100000006time: Mon Dec 05 2016 14:28:56 GMT-0800 (Pacific Standard Time)"}
{"level":"info","message":"Started auction for auction_id100000025time: Mon Dec 05 2016 14:28:56 GMT-0800 (Pacific Standard Time)"}
{"level":"info","message":"Started auction for auction_id100000027time: Mon Dec 05 2016 14:28:56 GMT-0800 (Pacific Standard Time)"}
{"level":"info","message":"Started auction for auction_id100000028time: Mon Dec 05 2016 14:28:56 GMT-0800 (Pacific Standard Time)"}
{"level":"info","message":"auction_id100000006 max bid: 300 timestampMon Dec 05 2016 14:29:01 GMT-0800 (Pacific Standard Time)"}
{"level":"info","message":"auction_id100000025 max bid: 70 timestampMon Dec 05 2016 14:29:01 GMT-0800 (Pacific Standard Time)"}
{"level":"info","message":"auction_id100000006 max bid: 300 timestampMon Dec 05 2016 14:30:00 GMT-0800 (Pacific Standard Time)"}
{"level":"info","message":"auction_id100000025 max bid: 70 timestampMon Dec 05 2016 14:30:00 GMT-0800 (Pacific Standard Time)"}
{"level":"info","message":"auction_id100000006 max bid: 300 timestampMon Dec 05 2016 14:31:01 GMT-0800 (Pacific Standard Time)"}
{"level":"info","message":"auction_id100000025 max bid: 70 timestampMon Dec 05 2016 14:31:01 GMT-0800 (Pacific Standard Time)"}
{"level":"info","message":"auction_id100000006 max bid: 300 timestampMon Dec 05 2016 14:32:00 GMT-0800 (Pacific Standard Time)"}
{"level":"info","message":"auction_id100000025 max bid: 70 timestampMon Dec 05 2016 14:32:00 GMT-0800 (Pacific Standard Time)"}
{"level":"info","message":"auction_id100000006 max bid: 300 timestampMon Dec 05 2016 14:33:00 GMT-0800 (Pacific Standard Time)"}
{"level":"info","message":"auction_id100000025 max bid: 70 timestampMon Dec 05 2016 14:33:00 GMT-0800 (Pacific Standard Time)"}
{"level":"info","message":"auction_id100000006 max bid: 300 timestampMon Dec 05 2016 14:34:01 GMT-0800 (Pacific Standard Time)"}
{"level":"info","message":"auction_id100000025 max bid: 70 timestampMon Dec 05 2016 14:34:01 GMT-0800 (Pacific Standard Time)"}
{"level":"info","message":"auction_id100000006 max bid: 300 timestampMon Dec 05 2016 14:35:01 GMT-0800 (Pacific Standard Time)"}
{"level":"info","message":"auction_id100000025 max bid: 70 timestampMon Dec 05 2016 14:35:01 GMT-0800 (Pacific Standard Time)"}
{"level":"info","message":"Started auction for auction_id100000006time: Mon Dec 05 2016 15:25:14 GMT-0800 (Pacific Standard Time)"}
{"level":"info","message":"Started auction for auction_id100000025time: Mon Dec 05 2016 15:25:14 GMT-0800 (Pacific Standard Time)"}
{"level":"info","message":"Started auction for auction_id100000027time: Mon Dec 05 2016 15:25:14 GMT-0800 (Pacific Standard Time)"}
{"level":"info","message":"Started auction for auction_id100000028time: Mon Dec 05 2016 15:25:14 GMT-0800 (Pacific Standard Time)"}
{"level":"info","message":"Started auction for auction_id100000029time: Mon Dec 05 2016 15:25:14 GMT-0800 (Pacific Standard Time)"}
{"level":"info","message":"Started auction for auction_id100000006time: Mon Dec 05 2016 15:26:45 GMT-0800 (Pacific Standard Time)"}
{"level":"info","message":"Started auction for auction_id100000025time: Mon Dec 05 2016 15:26:45 GMT-0800 (Pacific Standard Time)"}
{"level":"info","message":"Started auction for auction_id100000027time: Mon Dec 05 2016 15:26:45 GMT-0800 (Pacific Standard Time)"}
{"level":"info","message":"Started auction for auction_id100000028time: Mon Dec 05 2016 15:26:45 GMT-0800 (Pacific Standard Time)"}
{"level":"info","message":"Started auction for auction_id100000029time: Mon Dec 05 2016 15:26:45 GMT-0800 (Pacific Standard Time)"}
{"level":"info","message":"auction_id100000006 max bid: 300 timestampMon Dec 05 2016 15:27:00 GMT-0800 (Pacific Standard Time)"}
{"level":"info","message":"auction_id100000025 max bid: 70 timestampMon Dec 05 2016 15:27:00 GMT-0800 (Pacific Standard Time)"}
{"level":"info","message":"auction_id100000006 max bid: 300 timestampMon Dec 05 2016 15:28:00 GMT-0800 (Pacific Standard Time)"}
{"level":"info","message":"auction_id100000025 max bid: 70 timestampMon Dec 05 2016 15:28:00 GMT-0800 (Pacific Standard Time)"}
{"level":"info","message":"auction_id100000006 max bid: 300 timestampMon Dec 05 2016 15:29:00 GMT-0800 (Pacific Standard Time)"}
{"level":"info","message":"auction_id100000025 max bid: 70 timestampMon Dec 05 2016 15:29:00 GMT-0800 (Pacific Standard Time)"}
{"level":"info","message":"auction_id100000006 max bid: 300 timestampMon Dec 05 2016 15:30:00 GMT-0800 (Pacific Standard Time)"}
{"level":"info","message":"auction_id100000025 max bid: 70 timestampMon Dec 05 2016 15:30:00 GMT-0800 (Pacific Standard Time)"}
{"level":"info","message":"auction_id100000006 max bid: 300 timestampMon Dec 05 2016 15:31:00 GMT-0800 (Pacific Standard Time)"}
{"level":"info","message":"auction_id100000025 max bid: 70 timestampMon Dec 05 2016 15:31:00 GMT-0800 (Pacific Standard Time)"}
{"level":"info","message":"auction_id100000006 max bid: 300 timestampMon Dec 05 2016 15:32:00 GMT-0800 (Pacific Standard Time)"}
{"level":"info","message":"auction_id100000025 max bid: 70 timestampMon Dec 05 2016 15:32:00 GMT-0800 (Pacific Standard Time)"}
{"level":"info","message":"auction_id100000006 max bid: 300 timestampMon Dec 05 2016 15:33:00 GMT-0800 (Pacific Standard Time)"}
{"level":"info","message":"auction_id100000025 max bid: 70 timestampMon Dec 05 2016 15:33:00 GMT-0800 (Pacific Standard Time)"}
{"level":"info","message":"auction_id100000006 max bid: 300 timestampMon Dec 05 2016 15:34:00 GMT-0800 (Pacific Standard Time)"}
{"level":"info","message":"auction_id100000025 max bid: 70 timestampMon Dec 05 2016 15:34:00 GMT-0800 (Pacific Standard Time)"}
{"level":"info","message":"auction_id100000006 max bid: 300 timestampMon Dec 05 2016 15:35:00 GMT-0800 (Pacific Standard Time)"}
{"level":"info","message":"auction_id100000025 max bid: 70 timestampMon Dec 05 2016 15:35:00 GMT-0800 (Pacific Standard Time)"}
{"level":"info","message":"auction_id100000006 max bid: 300 timestampMon Dec 05 2016 15:36:00 GMT-0800 (Pacific Standard Time)"}
{"level":"info","message":"auction_id100000025 max bid: 70 timestampMon Dec 05 2016 15:36:00 GMT-0800 (Pacific Standard Time)"}
{"level":"info","message":"auction_id100000006 max bid: 300 timestampMon Dec 05 2016 15:37:00 GMT-0800 (Pacific Standard Time)"}
{"level":"info","message":"auction_id100000025 max bid: 70 timestampMon Dec 05 2016 15:37:00 GMT-0800 (Pacific Standard Time)"}
{"level":"info","message":"auction_id100000006 max bid: 300 timestampMon Dec 05 2016 15:38:00 GMT-0800 (Pacific Standard Time)"}
{"level":"info","message":"auction_id100000025 max bid: 70 timestampMon Dec 05 2016 15:38:00 GMT-0800 (Pacific Standard Time)"}
{"level":"info","message":"auction_id100000006 max bid: 300 timestampMon Dec 05 2016 15:39:00 GMT-0800 (Pacific Standard Time)"}
{"level":"info","message":"auction_id100000025 max bid: 70 timestampMon Dec 05 2016 15:39:00 GMT-0800 (Pacific Standard Time)"}
{"level":"info","message":"auction_id100000006 max bid: 300 timestampMon Dec 05 2016 15:40:00 GMT-0800 (Pacific Standard Time)"}
{"level":"info","message":"auction_id100000025 max bid: 70 timestampMon Dec 05 2016 15:40:00 GMT-0800 (Pacific Standard Time)"}
{"level":"info","message":"auction_id100000006 max bid: 300 timestampMon Dec 05 2016 15:41:00 GMT-0800 (Pacific Standard Time)"}
{"level":"info","message":"auction_id100000025 max bid: 70 timestampMon Dec 05 2016 15:41:00 GMT-0800 (Pacific Standard Time)"}
{"level":"info","message":"auction_id100000006 max bid: 300 timestampMon Dec 05 2016 15:42:00 GMT-0800 (Pacific Standard Time)"}
{"level":"info","message":"auction_id100000025 max bid: 70 timestampMon Dec 05 2016 15:42:00 GMT-0800 (Pacific Standard Time)"}
{"level":"info","message":"auction_id100000006 max bid: 300 timestampMon Dec 05 2016 15:43:00 GMT-0800 (Pacific Standard Time)"}
{"level":"info","message":"auction_id100000025 max bid: 70 timestampMon Dec 05 2016 15:43:00 GMT-0800 (Pacific Standard Time)"}
{"level":"info","message":"auction_id100000006 max bid: 300 timestampMon Dec 05 2016 15:44:00 GMT-0800 (Pacific Standard Time)"}
{"level":"info","message":"auction_id100000025 max bid: 70 timestampMon Dec 05 2016 15:44:00 GMT-0800 (Pacific Standard Time)"}
{"level":"info","message":"auction_id100000006 max bid: 300 timestampMon Dec 05 2016 15:45:00 GMT-0800 (Pacific Standard Time)"}
{"level":"info","message":"auction_id100000025 max bid: 70 timestampMon Dec 05 2016 15:45:00 GMT-0800 (Pacific Standard Time)"}
{"level":"info","message":"auction_id100000006 max bid: 300 timestampMon Dec 05 2016 15:46:00 GMT-0800 (Pacific Standard Time)"}
{"level":"info","message":"auction_id100000025 max bid: 70 timestampMon Dec 05 2016 15:46:00 GMT-0800 (Pacific Standard Time)"}
{"level":"info","message":"auction_id100000006 max bid: 300 timestampMon Dec 05 2016 15:47:00 GMT-0800 (Pacific Standard Time)"}
{"level":"info","message":"auction_id100000025 max bid: 70 timestampMon Dec 05 2016 15:47:00 GMT-0800 (Pacific Standard Time)"}
{"level":"info","message":"auction_id100000006 max bid: 300 timestampMon Dec 05 2016 15:48:00 GMT-0800 (Pacific Standard Time)"}
{"level":"info","message":"auction_id100000025 max bid: 70 timestampMon Dec 05 2016 15:48:00 GMT-0800 (Pacific Standard Time)"}
{"level":"info","message":"auction_id100000006 max bid: 300 timestampMon Dec 05 2016 15:49:00 GMT-0800 (Pacific Standard Time)"}
{"level":"info","message":"auction_id100000025 max bid: 70 timestampMon Dec 05 2016 15:49:00 GMT-0800 (Pacific Standard Time)"}
{"level":"info","message":"Started auction for auction_id100000006time: Mon Dec 05 2016 15:49:41 GMT-0800 (Pacific Standard Time)"}
{"level":"info","message":"Started auction for auction_id100000025time: Mon Dec 05 2016 15:49:41 GMT-0800 (Pacific Standard Time)"}
{"level":"info","message":"Started auction for auction_id100000027time: Mon Dec 05 2016 15:49:41 GMT-0800 (Pacific Standard Time)"}
{"level":"info","message":"Started auction for auction_id100000028time: Mon Dec 05 2016 15:49:41 GMT-0800 (Pacific Standard Time)"}
{"level":"info","message":"Started auction for auction_id100000029time: Mon Dec 05 2016 15:49:41 GMT-0800 (Pacific Standard Time)"}
{"level":"info","message":"auction_id100000006 max bid: 300 timestampMon Dec 05 2016 15:50:00 GMT-0800 (Pacific Standard Time)"}
{"level":"info","message":"auction_id100000025 max bid: 70 timestampMon Dec 05 2016 15:50:00 GMT-0800 (Pacific Standard Time)"}
{"level":"info","message":"auction_id100000006 max bid: 300 timestampMon Dec 05 2016 15:51:00 GMT-0800 (Pacific Standard Time)"}
{"level":"info","message":"auction_id100000025 max bid: 70 timestampMon Dec 05 2016 15:51:00 GMT-0800 (Pacific Standard Time)"}
{"level":"info","message":"auction_id100000006 max bid: 300 timestampMon Dec 05 2016 15:52:00 GMT-0800 (Pacific Standard Time)"}
{"level":"info","message":"auction_id100000025 max bid: 70 timestampMon Dec 05 2016 15:52:00 GMT-0800 (Pacific Standard Time)"}
{"level":"info","message":"Started auction for auction_id100000006time: Mon Dec 05 2016 15:52:09 GMT-0800 (Pacific Standard Time)"}
{"level":"info","message":"Started auction for auction_id100000025time: Mon Dec 05 2016 15:52:09 GMT-0800 (Pacific Standard Time)"}
{"level":"info","message":"Started auction for auction_id100000027time: Mon Dec 05 2016 15:52:09 GMT-0800 (Pacific Standard Time)"}
{"level":"info","message":"Started auction for auction_id100000028time: Mon Dec 05 2016 15:52:09 GMT-0800 (Pacific Standard Time)"}
{"level":"info","message":"Started auction for auction_id100000029time: Mon Dec 05 2016 15:52:09 GMT-0800 (Pacific Standard Time)"}
{"level":"info","message":"Started auction for auction_id100000006time: Mon Dec 05 2016 15:53:01 GMT-0800 (Pacific Standard Time)"}
{"level":"info","message":"Started auction for auction_id100000025time: Mon Dec 05 2016 15:53:01 GMT-0800 (Pacific Standard Time)"}
{"level":"info","message":"Started auction for auction_id100000027time: Mon Dec 05 2016 15:53:01 GMT-0800 (Pacific Standard Time)"}
{"level":"info","message":"Started auction for auction_id100000028time: Mon Dec 05 2016 15:53:01 GMT-0800 (Pacific Standard Time)"}
{"level":"info","message":"Started auction for auction_id100000029time: Mon Dec 05 2016 15:53:01 GMT-0800 (Pacific Standard Time)"}
{"level":"info","message":"Started auction for auction_id100000006time: Mon Dec 05 2016 15:53:36 GMT-0800 (Pacific Standard Time)"}
{"level":"info","message":"Started auction for auction_id100000025time: Mon Dec 05 2016 15:53:36 GMT-0800 (Pacific Standard Time)"}
{"level":"info","message":"Started auction for auction_id100000027time: Mon Dec 05 2016 15:53:36 GMT-0800 (Pacific Standard Time)"}
{"level":"info","message":"Started auction for auction_id100000028time: Mon Dec 05 2016 15:53:36 GMT-0800 (Pacific Standard Time)"}
{"level":"info","message":"Started auction for auction_id100000029time: Mon Dec 05 2016 15:53:36 GMT-0800 (Pacific Standard Time)"}
{"level":"info","message":"auction_id100000006 max bid: 300 timestampMon Dec 05 2016 15:54:00 GMT-0800 (Pacific Standard Time)"}
{"level":"info","message":"auction_id100000025 max bid: 70 timestampMon Dec 05 2016 15:54:00 GMT-0800 (Pacific Standard Time)"}
{"level":"info","message":"auction_id100000006 max bid: 300 timestampMon Dec 05 2016 15:55:00 GMT-0800 (Pacific Standard Time)"}
{"level":"info","message":"auction_id100000025 max bid: 70 timestampMon Dec 05 2016 15:55:00 GMT-0800 (Pacific Standard Time)"}
{"level":"info","message":"auction_id100000006 max bid: 300 timestampMon Dec 05 2016 15:56:00 GMT-0800 (Pacific Standard Time)"}
{"level":"info","message":"auction_id100000025 max bid: 70 timestampMon Dec 05 2016 15:56:00 GMT-0800 (Pacific Standard Time)"}
{"level":"info","message":"auction_id100000006 max bid: 300 timestampMon Dec 05 2016 15:57:00 GMT-0800 (Pacific Standard Time)"}
{"level":"info","message":"auction_id100000025 max bid: 70 timestampMon Dec 05 2016 15:57:00 GMT-0800 (Pacific Standard Time)"}
{"level":"info","message":"auction_id100000006 max bid: 300 timestampMon Dec 05 2016 15:58:00 GMT-0800 (Pacific Standard Time)"}
{"level":"info","message":"auction_id100000025 max bid: 70 timestampMon Dec 05 2016 15:58:00 GMT-0800 (Pacific Standard Time)"}
{"level":"info","message":"auction_id100000006 max bid: 300 timestampMon Dec 05 2016 15:59:00 GMT-0800 (Pacific Standard Time)"}
{"level":"info","message":"auction_id100000025 max bid: 70 timestampMon Dec 05 2016 15:59:00 GMT-0800 (Pacific Standard Time)"}
{"level":"info","message":"auction_id100000006 max bid: 300 timestampMon Dec 05 2016 16:00:00 GMT-0800 (Pacific Standard Time)"}
{"level":"info","message":"auction_id100000025 max bid: 70 timestampMon Dec 05 2016 16:00:00 GMT-0800 (Pacific Standard Time)"}
{"level":"info","message":"auction_id100000006 max bid: 300 timestampMon Dec 05 2016 16:01:00 GMT-0800 (Pacific Standard Time)"}
{"level":"info","message":"auction_id100000025 max bid: 70 timestampMon Dec 05 2016 16:01:00 GMT-0800 (Pacific Standard Time)"}
{"level":"info","message":"Started auction for auction_id100000006time: Mon Dec 05 2016 16:01:15 GMT-0800 (Pacific Standard Time)"}
{"level":"info","message":"Started auction for auction_id100000025time: Mon Dec 05 2016 16:01:15 GMT-0800 (Pacific Standard Time)"}
{"level":"info","message":"Started auction for auction_id100000027time: Mon Dec 05 2016 16:01:15 GMT-0800 (Pacific Standard Time)"}
{"level":"info","message":"Started auction for auction_id100000028time: Mon Dec 05 2016 16:01:15 GMT-0800 (Pacific Standard Time)"}
{"level":"info","message":"Started auction for auction_id100000029time: Mon Dec 05 2016 16:01:15 GMT-0800 (Pacific Standard Time)"}
{"level":"info","message":"auction_id100000006 max bid: 300 timestampMon Dec 05 2016 16:02:00 GMT-0800 (Pacific Standard Time)"}
{"level":"info","message":"auction_id100000025 max bid: 70 timestampMon Dec 05 2016 16:02:00 GMT-0800 (Pacific Standard Time)"}
{"level":"info","message":"auction_id100000006 max bid: 300 timestampMon Dec 05 2016 16:03:00 GMT-0800 (Pacific Standard Time)"}
{"level":"info","message":"auction_id100000025 max bid: 70 timestampMon Dec 05 2016 16:03:00 GMT-0800 (Pacific Standard Time)"}
{"level":"info","message":"auction_id100000006 max bid: 300 timestampMon Dec 05 2016 16:04:00 GMT-0800 (Pacific Standard Time)"}
{"level":"info","message":"auction_id100000025 max bid: 70 timestampMon Dec 05 2016 16:04:00 GMT-0800 (Pacific Standard Time)"}
{"level":"info","message":"auction_id100000006 max bid: 300 timestampMon Dec 05 2016 16:05:00 GMT-0800 (Pacific Standard Time)"}
{"level":"info","message":"auction_id100000025 max bid: 70 timestampMon Dec 05 2016 16:05:00 GMT-0800 (Pacific Standard Time)"}
{"level":"info","message":"auction_id100000006 max bid: 300 timestampMon Dec 05 2016 16:06:00 GMT-0800 (Pacific Standard Time)"}
{"level":"info","message":"auction_id100000025 max bid: 70 timestampMon Dec 05 2016 16:06:00 GMT-0800 (Pacific Standard Time)"}
{"level":"info","message":"auction_id100000006 max bid: 300 timestampMon Dec 05 2016 16:07:00 GMT-0800 (Pacific Standard Time)"}
{"level":"info","message":"auction_id100000025 max bid: 70 timestampMon Dec 05 2016 16:07:00 GMT-0800 (Pacific Standard Time)"}
{"level":"info","message":"auction_id100000006 max bid: 300 timestampMon Dec 05 2016 16:08:00 GMT-0800 (Pacific Standard Time)"}
{"level":"info","message":"auction_id100000025 max bid: 70 timestampMon Dec 05 2016 16:08:00 GMT-0800 (Pacific Standard Time)"}
{"level":"info","message":"auction_id100000006 max bid: 300 timestampMon Dec 05 2016 16:09:00 GMT-0800 (Pacific Standard Time)"}
{"level":"info","message":"auction_id100000025 max bid: 70 timestampMon Dec 05 2016 16:09:00 GMT-0800 (Pacific Standard Time)"}
{"level":"info","message":"auction_id100000006 max bid: 300 timestampMon Dec 05 2016 16:10:00 GMT-0800 (Pacific Standard Time)"}
{"level":"info","message":"auction_id100000025 max bid: 70 timestampMon Dec 05 2016 16:10:00 GMT-0800 (Pacific Standard Time)"}
{"level":"info","message":"auction_id100000006 max bid: 300 timestampMon Dec 05 2016 16:11:00 GMT-0800 (Pacific Standard Time)"}
{"level":"info","message":"auction_id100000025 max bid: 70 timestampMon Dec 05 2016 16:11:00 GMT-0800 (Pacific Standard Time)"}
{"level":"info","message":"Started auction for auction_id100000006time: Mon Dec 05 2016 16:24:39 GMT-0800 (Pacific Standard Time)"}
{"level":"info","message":"Started auction for auction_id100000025time: Mon Dec 05 2016 16:24:39 GMT-0800 (Pacific Standard Time)"}
{"level":"info","message":"Started auction for auction_id100000027time: Mon Dec 05 2016 16:24:39 GMT-0800 (Pacific Standard Time)"}
{"level":"info","message":"Started auction for auction_id100000028time: Mon Dec 05 2016 16:24:39 GMT-0800 (Pacific Standard Time)"}
{"level":"info","message":"Started auction for auction_id100000029time: Mon Dec 05 2016 16:24:39 GMT-0800 (Pacific Standard Time)"}
{"level":"info","message":"auction_id100000006 max bid: 300 timestampMon Dec 05 2016 16:25:00 GMT-0800 (Pacific Standard Time)"}
{"level":"info","message":"auction_id100000025 max bid: 70 timestampMon Dec 05 2016 16:25:00 GMT-0800 (Pacific Standard Time)"}
{"level":"info","message":"auction_id100000006 max bid: 300 timestampMon Dec 05 2016 16:26:00 GMT-0800 (Pacific Standard Time)"}
{"level":"info","message":"auction_id100000025 max bid: 70 timestampMon Dec 05 2016 16:26:00 GMT-0800 (Pacific Standard Time)"}
{"level":"info","message":"auction_id100000006 max bid: 300 timestampMon Dec 05 2016 16:27:00 GMT-0800 (Pacific Standard Time)"}
{"level":"info","message":"auction_id100000025 max bid: 70 timestampMon Dec 05 2016 16:27:00 GMT-0800 (Pacific Standard Time)"}
{"level":"info","message":"auction_id100000006 max bid: 300 timestampMon Dec 05 2016 16:28:00 GMT-0800 (Pacific Standard Time)"}
{"level":"info","message":"auction_id100000025 max bid: 70 timestampMon Dec 05 2016 16:28:00 GMT-0800 (Pacific Standard Time)"}
{"level":"info","message":"auction_id100000006 max bid: 300 timestampMon Dec 05 2016 16:29:00 GMT-0800 (Pacific Standard Time)"}
{"level":"info","message":"auction_id100000025 max bid: 70 timestampMon Dec 05 2016 16:29:00 GMT-0800 (Pacific Standard Time)"}
{"level":"info","message":"auction_id100000006 max bid: 300 timestampMon Dec 05 2016 16:30:00 GMT-0800 (Pacific Standard Time)"}
{"level":"info","message":"auction_id100000025 max bid: 70 timestampMon Dec 05 2016 16:30:00 GMT-0800 (Pacific Standard Time)"}
{"level":"info","message":"auction_id100000006 max bid: 300 timestampMon Dec 05 2016 16:31:00 GMT-0800 (Pacific Standard Time)"}
{"level":"info","message":"auction_id100000025 max bid: 70 timestampMon Dec 05 2016 16:31:00 GMT-0800 (Pacific Standard Time)"}
{"level":"info","message":"auction_id100000006 max bid: 300 timestampMon Dec 05 2016 16:32:00 GMT-0800 (Pacific Standard Time)"}
{"level":"info","message":"auction_id100000025 max bid: 70 timestampMon Dec 05 2016 16:32:00 GMT-0800 (Pacific Standard Time)"}
{"level":"info","message":"auction_id100000006 max bid: 300 timestampMon Dec 05 2016 16:33:00 GMT-0800 (Pacific Standard Time)"}
{"level":"info","message":"auction_id100000025 max bid: 70 timestampMon Dec 05 2016 16:33:00 GMT-0800 (Pacific Standard Time)"}
{"level":"info","message":"auction_id100000006 max bid: 300 timestampMon Dec 05 2016 16:34:00 GMT-0800 (Pacific Standard Time)"}
{"level":"info","message":"auction_id100000025 max bid: 70 timestampMon Dec 05 2016 16:34:00 GMT-0800 (Pacific Standard Time)"}
{"level":"info","message":"auction_id100000006 max bid: 300 timestampMon Dec 05 2016 16:35:00 GMT-0800 (Pacific Standard Time)"}
{"level":"info","message":"auction_id100000025 max bid: 70 timestampMon Dec 05 2016 16:35:00 GMT-0800 (Pacific Standard Time)"}
{"level":"info","message":"auction_id100000006 max bid: 300 timestampMon Dec 05 2016 16:36:00 GMT-0800 (Pacific Standard Time)"}
{"level":"info","message":"auction_id100000025 max bid: 70 timestampMon Dec 05 2016 16:36:00 GMT-0800 (Pacific Standard Time)"}
{"level":"info","message":"auction_id100000006 max bid: 300 timestampMon Dec 05 2016 16:37:00 GMT-0800 (Pacific Standard Time)"}
{"level":"info","message":"auction_id100000025 max bid: 70 timestampMon Dec 05 2016 16:37:00 GMT-0800 (Pacific Standard Time)"}
{"level":"info","message":"auction_id100000006 max bid: 300 timestampMon Dec 05 2016 16:38:00 GMT-0800 (Pacific Standard Time)"}
{"level":"info","message":"auction_id100000025 max bid: 70 timestampMon Dec 05 2016 16:38:00 GMT-0800 (Pacific Standard Time)"}
{"level":"info","message":"auction_id100000006 max bid: 300 timestampMon Dec 05 2016 16:39:00 GMT-0800 (Pacific Standard Time)"}
{"level":"info","message":"auction_id100000025 max bid: 70 timestampMon Dec 05 2016 16:39:00 GMT-0800 (Pacific Standard Time)"}
{"level":"info","message":"auction_id100000006 max bid: 300 timestampMon Dec 05 2016 16:40:00 GMT-0800 (Pacific Standard Time)"}
{"level":"info","message":"auction_id100000025 max bid: 70 timestampMon Dec 05 2016 16:40:00 GMT-0800 (Pacific Standard Time)"}
{"level":"info","message":"auction_id100000006 max bid: 300 timestampMon Dec 05 2016 16:41:00 GMT-0800 (Pacific Standard Time)"}
{"level":"info","message":"auction_id100000025 max bid: 70 timestampMon Dec 05 2016 16:41:00 GMT-0800 (Pacific Standard Time)"}
{"level":"info","message":"auction_id100000006 max bid: 300 timestampMon Dec 05 2016 16:42:00 GMT-0800 (Pacific Standard Time)"}
{"level":"info","message":"auction_id100000025 max bid: 70 timestampMon Dec 05 2016 16:42:00 GMT-0800 (Pacific Standard Time)"}
{"level":"info","message":"auction_id100000006 max bid: 300 timestampMon Dec 05 2016 16:43:00 GMT-0800 (Pacific Standard Time)"}
{"level":"info","message":"auction_id100000025 max bid: 70 timestampMon Dec 05 2016 16:43:00 GMT-0800 (Pacific Standard Time)"}
{"level":"info","message":"auction_id100000006 max bid: 300 timestampMon Dec 05 2016 16:44:00 GMT-0800 (Pacific Standard Time)"}
{"level":"info","message":"auction_id100000025 max bid: 70 timestampMon Dec 05 2016 16:44:00 GMT-0800 (Pacific Standard Time)"}
{"level":"info","message":"auction_id100000006 max bid: 300 timestampMon Dec 05 2016 16:45:00 GMT-0800 (Pacific Standard Time)"}
{"level":"info","message":"auction_id100000025 max bid: 70 timestampMon Dec 05 2016 16:45:00 GMT-0800 (Pacific Standard Time)"}
{"level":"info","message":"auction_id100000006 max bid: 300 timestampMon Dec 05 2016 16:46:00 GMT-0800 (Pacific Standard Time)"}
{"level":"info","message":"auction_id100000025 max bid: 70 timestampMon Dec 05 2016 16:46:00 GMT-0800 (Pacific Standard Time)"}
{"level":"info","message":"auction_id100000006 max bid: 300 timestampMon Dec 05 2016 16:47:00 GMT-0800 (Pacific Standard Time)"}
{"level":"info","message":"auction_id100000025 max bid: 70 timestampMon Dec 05 2016 16:47:00 GMT-0800 (Pacific Standard Time)"}
{"level":"info","message":"auction_id100000006 max bid: 300 timestampMon Dec 05 2016 16:48:00 GMT-0800 (Pacific Standard Time)"}
{"level":"info","message":"auction_id100000025 max bid: 70 timestampMon Dec 05 2016 16:48:00 GMT-0800 (Pacific Standard Time)"}
{"level":"info","message":"auction_id100000006 max bid: 300 timestampMon Dec 05 2016 16:49:00 GMT-0800 (Pacific Standard Time)"}
{"level":"info","message":"auction_id100000025 max bid: 70 timestampMon Dec 05 2016 16:49:00 GMT-0800 (Pacific Standard Time)"}
{"level":"info","message":"auction_id100000006 max bid: 300 timestampMon Dec 05 2016 16:50:00 GMT-0800 (Pacific Standard Time)"}
{"level":"info","message":"auction_id100000025 max bid: 70 timestampMon Dec 05 2016 16:50:00 GMT-0800 (Pacific Standard Time)"}
{"level":"info","message":"auction_id100000006 max bid: 300 timestampMon Dec 05 2016 16:51:00 GMT-0800 (Pacific Standard Time)"}
{"level":"info","message":"auction_id100000025 max bid: 70 timestampMon Dec 05 2016 16:51:00 GMT-0800 (Pacific Standard Time)"}
{"level":"info","message":"auction_id100000006 max bid: 300 timestampMon Dec 05 2016 16:52:00 GMT-0800 (Pacific Standard Time)"}
{"level":"info","message":"auction_id100000025 max bid: 70 timestampMon Dec 05 2016 16:52:00 GMT-0800 (Pacific Standard Time)"}
{"level":"info","message":"auction_id100000006 max bid: 300 timestampMon Dec 05 2016 16:53:00 GMT-0800 (Pacific Standard Time)"}
{"level":"info","message":"auction_id100000025 max bid: 70 timestampMon Dec 05 2016 16:53:00 GMT-0800 (Pacific Standard Time)"}
{"level":"info","message":"auction_id100000006 max bid: 300 timestampMon Dec 05 2016 16:54:00 GMT-0800 (Pacific Standard Time)"}
{"level":"info","message":"auction_id100000025 max bid: 70 timestampMon Dec 05 2016 16:54:00 GMT-0800 (Pacific Standard Time)"}
{"level":"info","message":"auction_id100000006 max bid: 300 timestampMon Dec 05 2016 16:55:00 GMT-0800 (Pacific Standard Time)"}
{"level":"info","message":"auction_id100000025 max bid: 70 timestampMon Dec 05 2016 16:55:00 GMT-0800 (Pacific Standard Time)"}
{"level":"info","message":"auction_id100000006 max bid: 300 timestampMon Dec 05 2016 16:56:00 GMT-0800 (Pacific Standard Time)"}
{"level":"info","message":"auction_id100000025 max bid: 70 timestampMon Dec 05 2016 16:56:00 GMT-0800 (Pacific Standard Time)"}
{"level":"info","message":"auction_id100000006 max bid: 300 timestampMon Dec 05 2016 17:10:00 GMT-0800 (Pacific Standard Time)"}
{"level":"info","message":"auction_id100000025 max bid: 70 timestampMon Dec 05 2016 17:10:00 GMT-0800 (Pacific Standard Time)"}
{"level":"info","message":"Started auction for auction_id100000006time: Mon Dec 05 2016 17:17:15 GMT-0800 (Pacific Standard Time)"}
{"level":"info","message":"Started auction for auction_id100000025time: Mon Dec 05 2016 17:17:15 GMT-0800 (Pacific Standard Time)"}
{"level":"info","message":"Started auction for auction_id100000027time: Mon Dec 05 2016 17:17:15 GMT-0800 (Pacific Standard Time)"}
{"level":"info","message":"Started auction for auction_id100000028time: Mon Dec 05 2016 17:17:15 GMT-0800 (Pacific Standard Time)"}
{"level":"info","message":"Started auction for auction_id100000029time: Mon Dec 05 2016 17:17:15 GMT-0800 (Pacific Standard Time)"}
{"level":"info","message":"Started auction for auction_id100000030time: Mon Dec 05 2016 17:17:15 GMT-0800 (Pacific Standard Time)"}
{"level":"info","message":"Started auction for auction_id100000031time: Mon Dec 05 2016 17:17:15 GMT-0800 (Pacific Standard Time)"}
{"level":"info","message":"auction_id100000006 max bid: 300 timestampMon Dec 05 2016 17:18:00 GMT-0800 (Pacific Standard Time)"}
{"level":"info","message":"auction_id100000025 max bid: 70 timestampMon Dec 05 2016 17:18:00 GMT-0800 (Pacific Standard Time)"}
{"level":"info","message":"auction_id100000006 max bid: 300 timestampMon Dec 05 2016 17:19:00 GMT-0800 (Pacific Standard Time)"}
{"level":"info","message":"auction_id100000025 max bid: 70 timestampMon Dec 05 2016 17:19:00 GMT-0800 (Pacific Standard Time)"}
{"level":"info","message":"auction_id100000006 max bid: 300 timestampMon Dec 05 2016 17:20:00 GMT-0800 (Pacific Standard Time)"}
{"level":"info","message":"auction_id100000025 max bid: 70 timestampMon Dec 05 2016 17:20:00 GMT-0800 (Pacific Standard Time)"}
{"level":"info","message":"auction_id100000006 max bid: 300 timestampMon Dec 05 2016 17:21:00 GMT-0800 (Pacific Standard Time)"}
{"level":"info","message":"auction_id100000025 max bid: 70 timestampMon Dec 05 2016 17:21:00 GMT-0800 (Pacific Standard Time)"}
{"level":"info","message":"auction_id100000006 max bid: 300 timestampMon Dec 05 2016 17:22:00 GMT-0800 (Pacific Standard Time)"}
{"level":"info","message":"auction_id100000025 max bid: 70 timestampMon Dec 05 2016 17:22:00 GMT-0800 (Pacific Standard Time)"}
{"level":"info","message":"auction_id100000006 max bid: 300 timestampMon Dec 05 2016 17:23:00 GMT-0800 (Pacific Standard Time)"}
{"level":"info","message":"auction_id100000025 max bid: 70 timestampMon Dec 05 2016 17:23:00 GMT-0800 (Pacific Standard Time)"}
{"level":"info","message":"auction_id100000006 max bid: 300 timestampMon Dec 05 2016 17:24:00 GMT-0800 (Pacific Standard Time)"}
{"level":"info","message":"auction_id100000025 max bid: 70 timestampMon Dec 05 2016 17:24:00 GMT-0800 (Pacific Standard Time)"}
{"level":"info","message":"auction_id100000006 max bid: 300 timestampMon Dec 05 2016 17:25:00 GMT-0800 (Pacific Standard Time)"}
{"level":"info","message":"auction_id100000025 max bid: 90 timestampMon Dec 05 2016 17:25:00 GMT-0800 (Pacific Standard Time)"}
{"level":"info","message":"auction_id100000006 max bid: 300 timestampMon Dec 05 2016 17:26:00 GMT-0800 (Pacific Standard Time)"}
{"level":"info","message":"auction_id100000025 max bid: 90 timestampMon Dec 05 2016 17:26:00 GMT-0800 (Pacific Standard Time)"}
{"level":"info","message":"auction_id100000006 max bid: 300 timestampMon Dec 05 2016 17:27:00 GMT-0800 (Pacific Standard Time)"}
{"level":"info","message":"auction_id100000025 max bid: 90 timestampMon Dec 05 2016 17:27:00 GMT-0800 (Pacific Standard Time)"}
{"level":"info","message":"auction_id100000006 max bid: 300 timestampMon Dec 05 2016 17:28:00 GMT-0800 (Pacific Standard Time)"}
{"level":"info","message":"auction_id100000025 max bid: 90 timestampMon Dec 05 2016 17:28:00 GMT-0800 (Pacific Standard Time)"}
{"level":"info","message":"auction_id100000006 max bid: 300 timestampMon Dec 05 2016 17:29:00 GMT-0800 (Pacific Standard Time)"}
{"level":"info","message":"auction_id100000025 max bid: 90 timestampMon Dec 05 2016 17:29:00 GMT-0800 (Pacific Standard Time)"}
{"level":"info","message":"auction_id100000006 max bid: 300 timestampMon Dec 05 2016 17:30:00 GMT-0800 (Pacific Standard Time)"}
{"level":"info","message":"auction_id100000025 max bid: 90 timestampMon Dec 05 2016 17:30:00 GMT-0800 (Pacific Standard Time)"}
{"level":"info","message":"auction_id100000006 max bid: 300 timestampMon Dec 05 2016 17:31:00 GMT-0800 (Pacific Standard Time)"}
{"level":"info","message":"auction_id100000025 max bid: 90 timestampMon Dec 05 2016 17:31:00 GMT-0800 (Pacific Standard Time)"}
{"level":"info","message":"auction_id100000006 max bid: 300 timestampMon Dec 05 2016 17:32:00 GMT-0800 (Pacific Standard Time)"}
{"level":"info","message":"auction_id100000025 max bid: 90 timestampMon Dec 05 2016 17:32:00 GMT-0800 (Pacific Standard Time)"}
{"level":"info","message":"auction_id100000006 max bid: 300 timestampMon Dec 05 2016 17:33:00 GMT-0800 (Pacific Standard Time)"}
{"level":"info","message":"auction_id100000025 max bid: 90 timestampMon Dec 05 2016 17:33:00 GMT-0800 (Pacific Standard Time)"}
{"level":"info","message":"auction_id100000006 max bid: 300 timestampMon Dec 05 2016 17:34:00 GMT-0800 (Pacific Standard Time)"}
{"level":"info","message":"auction_id100000025 max bid: 90 timestampMon Dec 05 2016 17:34:00 GMT-0800 (Pacific Standard Time)"}
{"level":"info","message":"auction_id100000006 max bid: 300 timestampMon Dec 05 2016 17:35:00 GMT-0800 (Pacific Standard Time)"}
{"level":"info","message":"auction_id100000025 max bid: 90 timestampMon Dec 05 2016 17:35:00 GMT-0800 (Pacific Standard Time)"}
{"level":"info","message":"auction_id100000006 max bid: 300 timestampMon Dec 05 2016 17:36:00 GMT-0800 (Pacific Standard Time)"}
{"level":"info","message":"auction_id100000025 max bid: 90 timestampMon Dec 05 2016 17:36:00 GMT-0800 (Pacific Standard Time)"}
{"level":"info","message":"auction_id100000006 max bid: 300 timestampMon Dec 05 2016 17:37:00 GMT-0800 (Pacific Standard Time)"}
{"level":"info","message":"auction_id100000025 max bid: 90 timestampMon Dec 05 2016 17:37:00 GMT-0800 (Pacific Standard Time)"}
{"level":"info","message":"auction_id100000006 max bid: 300 timestampMon Dec 05 2016 17:38:00 GMT-0800 (Pacific Standard Time)"}
{"level":"info","message":"auction_id100000025 max bid: 90 timestampMon Dec 05 2016 17:38:00 GMT-0800 (Pacific Standard Time)"}
{"level":"info","message":"auction_id100000006 max bid: 300 timestampMon Dec 05 2016 17:39:00 GMT-0800 (Pacific Standard Time)"}
{"level":"info","message":"auction_id100000025 max bid: 90 timestampMon Dec 05 2016 17:39:00 GMT-0800 (Pacific Standard Time)"}
{"level":"info","message":"auction_id100000006 max bid: 300 timestampMon Dec 05 2016 17:40:00 GMT-0800 (Pacific Standard Time)"}
{"level":"info","message":"auction_id100000025 max bid: 90 timestampMon Dec 05 2016 17:40:00 GMT-0800 (Pacific Standard Time)"}
{"level":"info","message":"auction_id100000006 max bid: 300 timestampMon Dec 05 2016 17:41:00 GMT-0800 (Pacific Standard Time)"}
{"level":"info","message":"auction_id100000025 max bid: 90 timestampMon Dec 05 2016 17:41:00 GMT-0800 (Pacific Standard Time)"}
{"level":"info","message":"auction_id100000006 max bid: 300 timestampMon Dec 05 2016 17:42:00 GMT-0800 (Pacific Standard Time)"}
{"level":"info","message":"auction_id100000025 max bid: 90 timestampMon Dec 05 2016 17:42:00 GMT-0800 (Pacific Standard Time)"}
{"level":"info","message":"auction_id100000006 max bid: 300 timestampMon Dec 05 2016 17:43:00 GMT-0800 (Pacific Standard Time)"}
{"level":"info","message":"auction_id100000025 max bid: 90 timestampMon Dec 05 2016 17:43:00 GMT-0800 (Pacific Standard Time)"}
{"level":"info","message":"auction_id100000006 max bid: 300 timestampMon Dec 05 2016 17:44:00 GMT-0800 (Pacific Standard Time)"}
{"level":"info","message":"auction_id100000025 max bid: 90 timestampMon Dec 05 2016 17:44:00 GMT-0800 (Pacific Standard Time)"}
{"level":"info","message":"auction_id100000006 max bid: 300 timestampMon Dec 05 2016 17:45:01 GMT-0800 (Pacific Standard Time)"}
{"level":"info","message":"auction_id100000025 max bid: 90 timestampMon Dec 05 2016 17:45:01 GMT-0800 (Pacific Standard Time)"}
{"level":"info","message":"auction_id100000006 max bid: 300 timestampMon Dec 05 2016 17:46:00 GMT-0800 (Pacific Standard Time)"}
{"level":"info","message":"auction_id100000025 max bid: 90 timestampMon Dec 05 2016 17:46:00 GMT-0800 (Pacific Standard Time)"}
{"level":"info","message":"auction_id100000006 max bid: 300 timestampMon Dec 05 2016 17:47:00 GMT-0800 (Pacific Standard Time)"}
{"level":"info","message":"auction_id100000025 max bid: 90 timestampMon Dec 05 2016 17:47:00 GMT-0800 (Pacific Standard Time)"}
{"level":"info","message":"auction_id100000006 max bid: 300 timestampMon Dec 05 2016 17:48:00 GMT-0800 (Pacific Standard Time)"}
{"level":"info","message":"auction_id100000025 max bid: 90 timestampMon Dec 05 2016 17:48:00 GMT-0800 (Pacific Standard Time)"}
{"level":"info","message":"auction_id100000006 max bid: 300 timestampMon Dec 05 2016 17:49:01 GMT-0800 (Pacific Standard Time)"}
{"level":"info","message":"auction_id100000025 max bid: 90 timestampMon Dec 05 2016 17:49:01 GMT-0800 (Pacific Standard Time)"}
{"level":"info","message":"auction_id100000006 max bid: 300 timestampMon Dec 05 2016 17:50:07 GMT-0800 (Pacific Standard Time)"}
{"level":"info","message":"auction_id100000025 max bid: 90 timestampMon Dec 05 2016 17:50:07 GMT-0800 (Pacific Standard Time)"}
{"level":"info","message":"auction_id100000006 max bid: 300 timestampMon Dec 05 2016 17:51:00 GMT-0800 (Pacific Standard Time)"}
{"level":"info","message":"auction_id100000025 max bid: 90 timestampMon Dec 05 2016 17:51:00 GMT-0800 (Pacific Standard Time)"}
{"level":"info","message":"auction_id100000006 max bid: 300 timestampMon Dec 05 2016 17:52:00 GMT-0800 (Pacific Standard Time)"}
{"level":"info","message":"auction_id100000025 max bid: 90 timestampMon Dec 05 2016 17:52:00 GMT-0800 (Pacific Standard Time)"}
{"level":"info","message":"auction_id100000006 max bid: 300 timestampMon Dec 05 2016 17:53:00 GMT-0800 (Pacific Standard Time)"}
{"level":"info","message":"auction_id100000025 max bid: 90 timestampMon Dec 05 2016 17:53:00 GMT-0800 (Pacific Standard Time)"}
{"level":"info","message":"auction_id100000006 max bid: 300 timestampMon Dec 05 2016 17:54:00 GMT-0800 (Pacific Standard Time)"}
{"level":"info","message":"auction_id100000025 max bid: 90 timestampMon Dec 05 2016 17:54:00 GMT-0800 (Pacific Standard Time)"}
{"level":"info","message":"auction_id100000006 max bid: 300 timestampMon Dec 05 2016 17:55:00 GMT-0800 (Pacific Standard Time)"}
{"level":"info","message":"auction_id100000025 max bid: 90 timestampMon Dec 05 2016 17:55:00 GMT-0800 (Pacific Standard Time)"}
{"level":"info","message":"auction_id100000006 max bid: 300 timestampMon Dec 05 2016 17:56:00 GMT-0800 (Pacific Standard Time)"}
{"level":"info","message":"auction_id100000025 max bid: 90 timestampMon Dec 05 2016 17:56:00 GMT-0800 (Pacific Standard Time)"}
{"level":"info","message":"auction_id100000006 max bid: 300 timestampMon Dec 05 2016 17:57:00 GMT-0800 (Pacific Standard Time)"}
{"level":"info","message":"auction_id100000025 max bid: 90 timestampMon Dec 05 2016 17:57:00 GMT-0800 (Pacific Standard Time)"}
{"level":"info","message":"auction_id100000006 max bid: 300 timestampMon Dec 05 2016 17:58:00 GMT-0800 (Pacific Standard Time)"}
{"level":"info","message":"auction_id100000025 max bid: 90 timestampMon Dec 05 2016 17:58:00 GMT-0800 (Pacific Standard Time)"}
{"level":"info","message":"auction_id100000006 max bid: 300 timestampMon Dec 05 2016 17:59:00 GMT-0800 (Pacific Standard Time)"}
{"level":"info","message":"auction_id100000025 max bid: 90 timestampMon Dec 05 2016 17:59:00 GMT-0800 (Pacific Standard Time)"}
{"level":"info","message":"auction_id100000006 max bid: 300 timestampMon Dec 05 2016 18:00:00 GMT-0800 (Pacific Standard Time)"}
{"level":"info","message":"auction_id100000025 max bid: 90 timestampMon Dec 05 2016 18:00:00 GMT-0800 (Pacific Standard Time)"}
{"level":"info","message":"auction_id100000006 max bid: 300 timestampMon Dec 05 2016 18:01:00 GMT-0800 (Pacific Standard Time)"}
{"level":"info","message":"auction_id100000025 max bid: 90 timestampMon Dec 05 2016 18:01:00 GMT-0800 (Pacific Standard Time)"}
{"level":"info","message":"auction_id100000006 max bid: 300 timestampMon Dec 05 2016 18:02:00 GMT-0800 (Pacific Standard Time)"}
{"level":"info","message":"auction_id100000025 max bid: 90 timestampMon Dec 05 2016 18:02:00 GMT-0800 (Pacific Standard Time)"}
{"level":"info","message":"auction_id100000006 max bid: 300 timestampMon Dec 05 2016 18:03:00 GMT-0800 (Pacific Standard Time)"}
{"level":"info","message":"auction_id100000025 max bid: 90 timestampMon Dec 05 2016 18:03:00 GMT-0800 (Pacific Standard Time)"}
{"level":"info","message":"auction_id100000006 max bid: 300 timestampMon Dec 05 2016 18:04:00 GMT-0800 (Pacific Standard Time)"}
{"level":"info","message":"auction_id100000025 max bid: 90 timestampMon Dec 05 2016 18:04:00 GMT-0800 (Pacific Standard Time)"}
{"level":"info","message":"auction_id100000006 max bid: 300 timestampMon Dec 05 2016 18:05:00 GMT-0800 (Pacific Standard Time)"}
{"level":"info","message":"auction_id100000025 max bid: 90 timestampMon Dec 05 2016 18:05:00 GMT-0800 (Pacific Standard Time)"}
{"level":"info","message":"auction_id100000006 max bid: 300 timestampMon Dec 05 2016 18:06:00 GMT-0800 (Pacific Standard Time)"}
{"level":"info","message":"auction_id100000025 max bid: 90 timestampMon Dec 05 2016 18:06:00 GMT-0800 (Pacific Standard Time)"}
{"level":"info","message":"auction_id100000006 max bid: 300 timestampMon Dec 05 2016 18:07:00 GMT-0800 (Pacific Standard Time)"}
{"level":"info","message":"auction_id100000025 max bid: 90 timestampMon Dec 05 2016 18:07:00 GMT-0800 (Pacific Standard Time)"}
{"level":"info","message":"Started auction for auction_id100000006time: Mon Dec 05 2016 18:07:23 GMT-0800 (Pacific Standard Time)"}
{"level":"info","message":"Started auction for auction_id100000025time: Mon Dec 05 2016 18:07:23 GMT-0800 (Pacific Standard Time)"}
{"level":"info","message":"Started auction for auction_id100000027time: Mon Dec 05 2016 18:07:23 GMT-0800 (Pacific Standard Time)"}
{"level":"info","message":"Started auction for auction_id100000028time: Mon Dec 05 2016 18:07:23 GMT-0800 (Pacific Standard Time)"}
{"level":"info","message":"Started auction for auction_id100000029time: Mon Dec 05 2016 18:07:23 GMT-0800 (Pacific Standard Time)"}
{"level":"info","message":"Started auction for auction_id100000030time: Mon Dec 05 2016 18:07:23 GMT-0800 (Pacific Standard Time)"}
{"level":"info","message":"Started auction for auction_id100000031time: Mon Dec 05 2016 18:07:23 GMT-0800 (Pacific Standard Time)"}
{"level":"info","message":"Started auction for auction_id100000032time: Mon Dec 05 2016 18:07:23 GMT-0800 (Pacific Standard Time)"}
{"level":"info","message":"auction_id100000006 max bid: 300 timestampMon Dec 05 2016 18:08:00 GMT-0800 (Pacific Standard Time)"}
{"level":"info","message":"auction_id100000025 max bid: 90 timestampMon Dec 05 2016 18:08:00 GMT-0800 (Pacific Standard Time)"}
{"level":"info","message":"auction_id100000006 max bid: 300 timestampMon Dec 05 2016 18:09:00 GMT-0800 (Pacific Standard Time)"}
{"level":"info","message":"auction_id100000025 max bid: 90 timestampMon Dec 05 2016 18:09:00 GMT-0800 (Pacific Standard Time)"}
{"level":"info","message":"auction_id100000006 max bid: 300 timestampMon Dec 05 2016 18:10:00 GMT-0800 (Pacific Standard Time)"}
{"level":"info","message":"auction_id100000025 max bid: 90 timestampMon Dec 05 2016 18:10:00 GMT-0800 (Pacific Standard Time)"}
{"level":"info","message":"auction_id100000006 max bid: 300 timestampMon Dec 05 2016 18:11:00 GMT-0800 (Pacific Standard Time)"}
{"level":"info","message":"auction_id100000025 max bid: 90 timestampMon Dec 05 2016 18:11:00 GMT-0800 (Pacific Standard Time)"}
{"level":"info","message":"auction_id100000006 max bid: 300 timestampMon Dec 05 2016 18:12:00 GMT-0800 (Pacific Standard Time)"}
{"level":"info","message":"auction_id100000025 max bid: 90 timestampMon Dec 05 2016 18:12:00 GMT-0800 (Pacific Standard Time)"}
{"level":"info","message":"Started auction for auction_id100000006time: Mon Dec 05 2016 21:37:30 GMT-0800 (Pacific Standard Time)"}
{"level":"info","message":"Started auction for auction_id100000025time: Mon Dec 05 2016 21:37:30 GMT-0800 (Pacific Standard Time)"}
{"level":"info","message":"Started auction for auction_id100000027time: Mon Dec 05 2016 21:37:30 GMT-0800 (Pacific Standard Time)"}
{"level":"info","message":"Started auction for auction_id100000028time: Mon Dec 05 2016 21:37:30 GMT-0800 (Pacific Standard Time)"}
{"level":"info","message":"Started auction for auction_id100000029time: Mon Dec 05 2016 21:37:30 GMT-0800 (Pacific Standard Time)"}
{"level":"info","message":"Started auction for auction_id100000030time: Mon Dec 05 2016 21:37:30 GMT-0800 (Pacific Standard Time)"}
{"level":"info","message":"Started auction for auction_id100000031time: Mon Dec 05 2016 21:37:30 GMT-0800 (Pacific Standard Time)"}
{"level":"info","message":"Started auction for auction_id100000032time: Mon Dec 05 2016 21:37:30 GMT-0800 (Pacific Standard Time)"}
{"level":"info","message":"auction_id100000006 max bid: 300 timestampMon Dec 05 2016 21:38:00 GMT-0800 (Pacific Standard Time)"}
{"level":"info","message":"auction_id100000025 max bid: 90 timestampMon Dec 05 2016 21:38:00 GMT-0800 (Pacific Standard Time)"}
{"level":"info","message":"auction_id100000006 max bid: 300 timestampMon Dec 05 2016 21:39:00 GMT-0800 (Pacific Standard Time)"}
{"level":"info","message":"auction_id100000025 max bid: 90 timestampMon Dec 05 2016 21:39:00 GMT-0800 (Pacific Standard Time)"}
{"level":"info","message":"auction_id100000006 max bid: 300 timestampMon Dec 05 2016 21:40:00 GMT-0800 (Pacific Standard Time)"}
{"level":"info","message":"auction_id100000025 max bid: 90 timestampMon Dec 05 2016 21:40:00 GMT-0800 (Pacific Standard Time)"}
{"level":"info","message":"auction_id100000006 max bid: 300 timestampMon Dec 05 2016 21:41:00 GMT-0800 (Pacific Standard Time)"}
{"level":"info","message":"auction_id100000025 max bid: 90 timestampMon Dec 05 2016 21:41:00 GMT-0800 (Pacific Standard Time)"}
{"level":"info","message":"auction_id100000006 max bid: 300 timestampMon Dec 05 2016 21:42:00 GMT-0800 (Pacific Standard Time)"}
{"level":"info","message":"auction_id100000025 max bid: 90 timestampMon Dec 05 2016 21:42:00 GMT-0800 (Pacific Standard Time)"}
{"level":"info","message":"auction_id100000006 max bid: 300 timestampMon Dec 05 2016 21:43:00 GMT-0800 (Pacific Standard Time)"}
{"level":"info","message":"auction_id100000025 max bid: 90 timestampMon Dec 05 2016 21:43:00 GMT-0800 (Pacific Standard Time)"}
{"level":"info","message":"auction_id100000006 max bid: 300 timestampMon Dec 05 2016 21:44:01 GMT-0800 (Pacific Standard Time)"}
{"level":"info","message":"auction_id100000025 max bid: 90 timestampMon Dec 05 2016 21:44:01 GMT-0800 (Pacific Standard Time)"}
{"level":"info","message":"auction_id100000006 max bid: 300 timestampMon Dec 05 2016 21:45:01 GMT-0800 (Pacific Standard Time)"}
{"level":"info","message":"auction_id100000025 max bid: 90 timestampMon Dec 05 2016 21:45:01 GMT-0800 (Pacific Standard Time)"}
{"level":"info","message":"auction_id100000006 max bid: 300 timestampMon Dec 05 2016 21:46:00 GMT-0800 (Pacific Standard Time)"}
{"level":"info","message":"auction_id100000025 max bid: 90 timestampMon Dec 05 2016 21:46:00 GMT-0800 (Pacific Standard Time)"}
{"level":"info","message":"auction_id100000006 max bid: 300 timestampMon Dec 05 2016 21:47:00 GMT-0800 (Pacific Standard Time)"}
{"level":"info","message":"auction_id100000025 max bid: 90 timestampMon Dec 05 2016 21:47:00 GMT-0800 (Pacific Standard Time)"}
{"level":"info","message":"auction_id100000006 max bid: 300 timestampMon Dec 05 2016 21:48:00 GMT-0800 (Pacific Standard Time)"}
{"level":"info","message":"auction_id100000025 max bid: 90 timestampMon Dec 05 2016 21:48:00 GMT-0800 (Pacific Standard Time)"}
{"level":"info","message":"auction_id100000006 max bid: 300 timestampMon Dec 05 2016 21:49:00 GMT-0800 (Pacific Standard Time)"}
{"level":"info","message":"auction_id100000025 max bid: 90 timestampMon Dec 05 2016 21:49:00 GMT-0800 (Pacific Standard Time)"}
{"level":"info","message":"auction_id100000006 max bid: 300 timestampMon Dec 05 2016 21:50:00 GMT-0800 (Pacific Standard Time)"}
{"level":"info","message":"auction_id100000025 max bid: 90 timestampMon Dec 05 2016 21:50:00 GMT-0800 (Pacific Standard Time)"}
{"level":"info","message":"auction_id100000006 max bid: 300 timestampMon Dec 05 2016 21:51:00 GMT-0800 (Pacific Standard Time)"}
{"level":"info","message":"auction_id100000025 max bid: 90 timestampMon Dec 05 2016 21:51:00 GMT-0800 (Pacific Standard Time)"}
{"level":"info","message":"auction_id100000006 max bid: 300 timestampMon Dec 05 2016 21:52:01 GMT-0800 (Pacific Standard Time)"}
{"level":"info","message":"auction_id100000025 max bid: 90 timestampMon Dec 05 2016 21:52:01 GMT-0800 (Pacific Standard Time)"}
{"level":"info","message":"auction_id100000006 max bid: 300 timestampMon Dec 05 2016 21:53:01 GMT-0800 (Pacific Standard Time)"}
{"level":"info","message":"auction_id100000025 max bid: 90 timestampMon Dec 05 2016 21:53:01 GMT-0800 (Pacific Standard Time)"}
